### Referring to 6f2e48731ee34c36fa17c09f209043bd99ca8cec

src/Terraria/ReLogic/ReLogic.csproj,	exact: 2,	offset: 0,	fuzzy: 0,	failed: 0
EXACT: @@ -6,10 +6,10 @@
EXACT: @@ -22,4 +22,12 @@
src/Terraria/Terraria/BitsByte.cs,	exact: 1,	offset: 0,	fuzzy: 0,	failed: 0
EXACT: @@ -80,6 +80,17 @@
src/Terraria/Configuration_LegacyNetFramework.targets,	exact: 1,	offset: 0,	fuzzy: 0,	failed: 0
EXACT: @@ -1,6 +1,6 @@
src/Terraria/Terraria/Framing.cs,	exact: 2,	offset: 0,	fuzzy: 0,	failed: 0
EXACT: @@ -1,6 +1,7 @@
EXACT: @@ -312,7 +313,7 @@
src/Terraria/Terraria/Collision.cs,	exact: 9,	offset: 0,	fuzzy: 0,	failed: 0
EXACT: @@ -2100,7 +2100,7 @@
EXACT: @@ -2113,11 +2113,15 @@
EXACT: @@ -2125,6 +2129,7 @@
EXACT: @@ -2134,6 +2139,8 @@
EXACT: @@ -2143,12 +2150,15 @@
EXACT: @@ -2165,14 +2175,11 @@
EXACT: @@ -2180,6 +2187,7 @@
EXACT: @@ -2564,7 +2572,8 @@
EXACT: @@ -2642,7 +2651,7 @@
src/Terraria/Terraria/Chest.cs,	exact: 10,	offset: 0,	fuzzy: 0,	failed: 0
EXACT: @@ -7,6 +7,7 @@
EXACT: @@ -192,11 +193,14 @@
EXACT: @@ -272,6 +276,17 @@
EXACT: @@ -317,6 +332,7 @@
EXACT: @@ -411,15 +427,21 @@
EXACT: @@ -504,14 +526,15 @@
EXACT: @@ -519,7 +542,7 @@
EXACT: @@ -528,6 +551,7 @@
EXACT: @@ -901,9 +925,12 @@
EXACT: @@ -2608,6 +2635,7 @@
src/Terraria/Terraria/HitTile.cs,	exact: 2,	offset: 0,	fuzzy: 0,	failed: 0
EXACT: @@ -2,6 +2,7 @@
EXACT: @@ -291,7 +292,7 @@
src/Terraria/Terraria/IngameOptions.cs,	exact: 9,	offset: 0,	fuzzy: 0,	failed: 0
EXACT: @@ -3,12 +3,16 @@
EXACT: @@ -16,7 +20,8 @@
EXACT: @@ -172,7 +177,7 @@
EXACT: @@ -244,6 +249,20 @@
EXACT: @@ -255,6 +274,7 @@
EXACT: @@ -262,8 +282,9 @@
EXACT: @@ -274,6 +295,9 @@
EXACT: @@ -299,6 +323,7 @@
EXACT: @@ -651,6 +676,14 @@
src/Terraria/Terraria/Item.cs,	exact: 45,	offset: 0,	fuzzy: 0,	failed: 0
EXACT: @@ -1,6 +1,7 @@
EXACT: @@ -10,10 +11,12 @@
EXACT: @@ -50,7 +53,7 @@
EXACT: @@ -60,8 +63,10 @@
EXACT: @@ -147,11 +152,44 @@
EXACT: @@ -159,6 +197,18 @@
EXACT: @@ -180,11 +230,11 @@
EXACT: @@ -269,6 +319,10 @@
EXACT: @@ -287,15 +341,19 @@
EXACT: @@ -415,9 +473,12 @@
EXACT: @@ -459,9 +520,12 @@
EXACT: @@ -566,9 +630,12 @@
EXACT: @@ -676,9 +743,12 @@
EXACT: @@ -726,12 +796,15 @@
EXACT: @@ -739,7 +812,7 @@
EXACT: @@ -1018,6 +1091,8 @@
EXACT: @@ -1039,11 +1114,19 @@
EXACT: @@ -1054,6 +1137,12 @@
EXACT: @@ -1067,6 +1156,10 @@
EXACT: @@ -1076,17 +1169,20 @@
EXACT: @@ -1119,6 +1215,8 @@
EXACT: @@ -1318,6 +1416,9 @@
EXACT: @@ -2083,9 +2184,10 @@
EXACT: @@ -2654,9 +2756,10 @@
EXACT: @@ -44383,7 +44486,7 @@
EXACT: @@ -44857,7 +44960,7 @@
EXACT: @@ -45002,6 +45105,16 @@
EXACT: @@ -45014,8 +45127,10 @@
EXACT: @@ -45040,7 +45155,15 @@
EXACT: @@ -45189,11 +45312,12 @@
EXACT: @@ -45203,14 +45327,19 @@
EXACT: @@ -45227,10 +45356,12 @@
EXACT: @@ -45306,6 +45437,10 @@
EXACT: @@ -45612,6 +45747,7 @@
EXACT: @@ -45692,6 +45828,7 @@
EXACT: @@ -45711,7 +45848,9 @@
EXACT: @@ -45721,6 +45860,7 @@
EXACT: @@ -45731,6 +45871,7 @@
EXACT: @@ -45930,6 +46071,9 @@
EXACT: @@ -46290,6 +46434,9 @@
EXACT: @@ -46430,14 +46577,17 @@
EXACT: @@ -46456,8 +46606,31 @@
EXACT: @@ -46489,6 +46662,8 @@
EXACT: @@ -46509,7 +46684,7 @@
EXACT: @@ -46520,7 +46695,7 @@
src/Terraria/ReLogic/ReLogic_LegacyNetFramework.csproj,	exact: 1,	offset: 0,	fuzzy: 0,	failed: 0
EXACT: @@ -10,7 +10,7 @@
src/Terraria/Terraria/Lighting.cs,	exact: 1,	offset: 0,	fuzzy: 0,	failed: 0
EXACT: @@ -14,8 +14,8 @@
src/Terraria/Terraria/Lang.cs,	exact: 5,	offset: 0,	fuzzy: 0,	failed: 1
EXACT: @@ -7,6 +7,7 @@
FAILURE: @@ -33,14 +34,14 @@
EXACT: @@ -115,7 +116,7 @@
EXACT: @@ -127,8 +128,10 @@
EXACT: @@ -281,6 +284,10 @@
EXACT: @@ -419,7 +426,7 @@
src/Terraria/Terraria/Dust.cs,	exact: 8,	offset: 0,	fuzzy: 0,	failed: 1
EXACT: @@ -4,6 +4,8 @@
EXACT: @@ -29,6 +31,7 @@
EXACT: @@ -160,6 +163,8 @@
EXACT: @@ -246,6 +251,9 @@
EXACT: @@ -285,6 +293,16 @@
EXACT: @@ -1563,7 +1581,7 @@
EXACT: @@ -1785,6 +1803,8 @@
EXACT: @@ -1807,6 +1827,14 @@
src/Terraria/Configuration.targets,	exact: 1,	offset: 0,	fuzzy: 0,	failed: 1
EXACT: @@ -1,6 +1,10 @@
src/Terraria/Terraria/Gore.cs,	exact: 5,	offset: 0,	fuzzy: 0,	failed: 1
EXACT: @@ -7,10 +7,11 @@
EXACT: @@ -239,6 +240,10 @@
EXACT: @@ -830,6 +835,7 @@
EXACT: @@ -1035,6 +1041,13 @@
EXACT: @@ -1149,6 +1162,12 @@
src/Terraria/Terraria/nativefiledialog.cs,	exact: 1,	offset: 0,	fuzzy: 0,	failed: 1
EXACT: @@ -69,7 +69,7 @@
src/Terraria/Terraria/NetMessage.cs,	exact: 28,	offset: 0,	fuzzy: 0,	failed: 3
EXACT: @@ -1,4 +1,5 @@
EXACT: @@ -11,6 +12,8 @@
EXACT: @@ -50,7 +53,7 @@
EXACT: @@ -76,6 +79,9 @@
FAILURE: @@ -89,12 +95,12 @@
EXACT: @@ -106,7 +112,12 @@
EXACT: @@ -157,12 +168,19 @@
EXACT: @@ -306,12 +324,15 @@
EXACT: @@ -509,14 +530,24 @@
EXACT: @@ -586,9 +617,10 @@
FAILURE: @@ -624,12 +656,16 @@
EXACT: @@ -651,11 +687,18 @@
EXACT: @@ -676,13 +719,21 @@
EXACT: @@ -726,6 +777,8 @@
EXACT: @@ -738,6 +791,9 @@
EXACT: @@ -790,7 +846,7 @@
EXACT: @@ -997,7 +1053,7 @@
EXACT: @@ -1060,9 +1116,16 @@
EXACT: @@ -1230,9 +1293,17 @@
EXACT: @@ -1293,9 +1364,17 @@
EXACT: @@ -1352,7 +1431,10 @@
EXACT: @@ -1670,7 +1752,7 @@
EXACT: @@ -1690,7 +1772,7 @@
EXACT: @@ -1855,9 +1937,17 @@
EXACT: @@ -2053,7 +2143,7 @@
EXACT: @@ -2066,10 +2156,11 @@
EXACT: @@ -2113,7 +2204,7 @@
EXACT: @@ -2324,8 +2415,10 @@
EXACT: @@ -2376,11 +2469,12 @@
EXACT: @@ -2392,7 +2486,7 @@
src/Terraria/Terraria/MessageBuffer.cs,	exact: 38,	offset: 0,	fuzzy: 0,	failed: 4
EXACT: @@ -19,6 +19,9 @@
EXACT: @@ -83,10 +86,14 @@
EXACT: @@ -105,7 +112,7 @@
EXACT: @@ -117,6 +124,9 @@
FAILURE: @@ -135,9 +145,15 @@
EXACT: @@ -146,7 +162,10 @@
EXACT: @@ -214,6 +233,7 @@
EXACT: @@ -236,7 +256,7 @@
EXACT: @@ -319,9 +339,9 @@
EXACT: @@ -376,20 +396,37 @@
EXACT: @@ -405,10 +442,18 @@
EXACT: @@ -572,6 +617,8 @@
EXACT: @@ -703,6 +750,9 @@
EXACT: @@ -1144,8 +1194,8 @@
EXACT: @@ -1158,7 +1208,7 @@
EXACT: @@ -1166,6 +1216,7 @@
EXACT: @@ -1205,6 +1256,7 @@
EXACT: @@ -1286,6 +1338,9 @@
EXACT: @@ -1336,9 +1391,13 @@
EXACT: @@ -1378,7 +1437,7 @@
EXACT: @@ -1435,6 +1494,10 @@
EXACT: @@ -1443,7 +1506,7 @@
EXACT: @@ -1545,9 +1608,10 @@
EXACT: @@ -1555,9 +1619,17 @@
EXACT: @@ -1615,6 +1687,7 @@
EXACT: @@ -1623,22 +1696,32 @@
EXACT: @@ -1657,20 +1740,25 @@
EXACT: @@ -1720,21 +1808,25 @@
EXACT: @@ -1776,6 +1868,9 @@
EXACT: @@ -1797,6 +1892,11 @@
EXACT: @@ -1832,7 +1932,8 @@
EXACT: @@ -1980,7 +2081,7 @@
EXACT: @@ -2188,7 +2289,7 @@
EXACT: @@ -2565,7 +2666,7 @@
EXACT: @@ -2601,7 +2702,7 @@
EXACT: @@ -2676,10 +2777,22 @@
EXACT: @@ -3155,10 +3268,22 @@
EXACT: @@ -3292,10 +3417,22 @@
EXACT: @@ -3381,6 +3518,27 @@
src/Terraria/Terraria/Netplay.cs,	exact: 7,	offset: 0,	fuzzy: 0,	failed: 4
EXACT: @@ -11,12 +11,14 @@
EXACT: @@ -78,6 +80,7 @@
EXACT: @@ -283,6 +286,8 @@
EXACT: @@ -421,6 +426,12 @@
EXACT: @@ -437,11 +448,11 @@
EXACT: @@ -479,6 +490,7 @@
EXACT: @@ -530,6 +542,11 @@
src/Terraria/Terraria/MonoLaunch.cs,	exact: 2,	offset: 0,	fuzzy: 0,	failed: 4
EXACT: @@ -5,21 +5,27 @@
EXACT: @@ -36,39 +42,47 @@
src/Terraria/Terraria/PopupText.cs,	exact: 4,	offset: 0,	fuzzy: 0,	failed: 4
EXACT: @@ -1,6 +1,8 @@
EXACT: @@ -25,6 +27,7 @@
EXACT: @@ -250,10 +253,14 @@
EXACT: @@ -441,6 +448,9 @@
src/Terraria/Terraria/Mount.cs,	exact: 18,	offset: 0,	fuzzy: 0,	failed: 4
EXACT: @@ -10,6 +10,7 @@
EXACT: @@ -76,8 +77,10 @@
EXACT: @@ -154,7 +157,7 @@
EXACT: @@ -168,28 +171,28 @@
EXACT: @@ -2002,13 +2005,13 @@
EXACT: @@ -2024,10 +2027,11 @@
EXACT: @@ -2041,6 +2045,7 @@
EXACT: @@ -2482,6 +2487,9 @@
EXACT: @@ -3218,7 +3226,7 @@
EXACT: @@ -3327,6 +3335,7 @@
EXACT: @@ -3495,10 +3504,13 @@
EXACT: @@ -3674,7 +3686,7 @@
EXACT: @@ -3728,6 +3740,7 @@
EXACT: @@ -4169,6 +4182,7 @@
EXACT: @@ -4307,6 +4321,8 @@
EXACT: @@ -4317,7 +4333,8 @@
EXACT: @@ -4328,7 +4345,7 @@
EXACT: @@ -4395,7 +4412,10 @@
src/Terraria/Terraria/Program.cs,	exact: 8,	offset: 0,	fuzzy: 0,	failed: 4
EXACT: @@ -4,6 +4,7 @@
EXACT: @@ -11,12 +12,15 @@
EXACT: @@ -55,21 +59,15 @@
EXACT: @@ -85,10 +83,13 @@
EXACT: @@ -124,8 +125,11 @@
EXACT: @@ -138,32 +142,65 @@
EXACT: @@ -171,9 +208,10 @@
EXACT: @@ -208,9 +246,22 @@
src/Terraria/Terraria/Recipe.cs,	exact: 21,	offset: 0,	fuzzy: 0,	failed: 4
EXACT: @@ -1,41 +1,45 @@
EXACT: @@ -49,10 +53,10 @@
EXACT: @@ -67,12 +71,8 @@
EXACT: @@ -83,35 +83,32 @@
EXACT: @@ -128,6 +125,8 @@
EXACT: @@ -192,7 +191,7 @@
EXACT: @@ -223,7 +222,7 @@
EXACT: @@ -236,7 +235,7 @@
EXACT: @@ -246,7 +245,7 @@
EXACT: @@ -256,7 +255,7 @@
EXACT: @@ -309,7 +308,7 @@
EXACT: @@ -359,7 +358,7 @@
EXACT: @@ -368,10 +367,8 @@
EXACT: @@ -393,7 +390,7 @@
EXACT: @@ -402,7 +399,7 @@
EXACT: @@ -451,6 +448,8 @@
EXACT: @@ -13400,14 +13399,17 @@
EXACT: @@ -13415,7 +13417,7 @@
EXACT: @@ -14268,22 +14270,23 @@
EXACT: @@ -14291,27 +14294,29 @@
EXACT: @@ -14329,18 +14334,59 @@
src/Terraria/Terraria/NPC.cs,	exact: 72,	offset: 6,	fuzzy: 0,	failed: 7
EXACT: @@ -22,10 +22,11 @@
FAILURE: @@ -104,14 +105,14 @@
OFFSET: @@ -695,7 +696,7 @@ offset 1 lines
EXACT: @@ -873,7 +874,7 @@
EXACT: @@ -1071,7 +1072,7 @@
EXACT: @@ -1138,7 +1139,7 @@
EXACT: @@ -1171,6 +1172,8 @@
EXACT: @@ -1192,6 +1195,7 @@
EXACT: @@ -1200,6 +1204,7 @@
EXACT: @@ -1873,6 +1878,16 @@
EXACT: @@ -1909,6 +1924,8 @@
FAILURE: @@ -1953,10 +1970,14 @@
OFFSET: @@ -10240,13 +10261,18 @@ offset 1 lines
EXACT: @@ -10830,6 +10856,7 @@
EXACT: @@ -11044,6 +11071,10 @@
EXACT: @@ -30027,7 +30058,8 @@
EXACT: @@ -37244,6 +37276,7 @@
EXACT: @@ -37332,6 +37365,8 @@
EXACT: @@ -37391,7 +37426,7 @@
EXACT: @@ -37531,7 +37566,14 @@
EXACT: @@ -37785,7 +37827,7 @@
EXACT: @@ -37949,7 +37991,7 @@
EXACT: @@ -38273,13 +38315,19 @@
EXACT: @@ -38299,6 +38347,7 @@
EXACT: @@ -38324,7 +38373,7 @@
EXACT: @@ -38489,6 +38538,7 @@
EXACT: @@ -38502,6 +38552,7 @@
EXACT: @@ -38531,6 +38582,12 @@
EXACT: @@ -38651,6 +38708,7 @@
EXACT: @@ -38666,6 +38724,11 @@
EXACT: @@ -38676,12 +38739,14 @@
EXACT: @@ -38732,6 +38797,7 @@
EXACT: @@ -38791,11 +38857,15 @@
EXACT: @@ -42408,7 +42478,7 @@
EXACT: @@ -42447,7 +42517,7 @@
EXACT: @@ -43600,7 +43670,7 @@
EXACT: @@ -45224,7 +45294,7 @@
EXACT: @@ -45254,7 +45324,7 @@
EXACT: @@ -47234,6 +47304,10 @@
EXACT: @@ -47286,6 +47360,10 @@
EXACT: @@ -55364,7 +55442,10 @@
EXACT: @@ -55709,6 +55790,9 @@
EXACT: @@ -55868,6 +55952,9 @@
EXACT: @@ -55916,7 +56003,9 @@
EXACT: @@ -56429,7 +56518,7 @@
EXACT: @@ -56533,7 +56622,7 @@
EXACT: @@ -59007,7 +59096,7 @@
EXACT: @@ -59024,9 +59113,13 @@
EXACT: @@ -59072,7 +59165,7 @@
EXACT: @@ -59096,6 +59189,7 @@
EXACT: @@ -59113,7 +59207,7 @@
EXACT: @@ -59127,7 +59221,7 @@
EXACT: @@ -59512,8 +59606,10 @@
EXACT: @@ -59908,8 +60004,10 @@
EXACT: @@ -59966,6 +60064,7 @@
EXACT: @@ -60103,7 +60202,7 @@
EXACT: @@ -60331,6 +60430,7 @@
EXACT: @@ -60351,11 +60451,13 @@
EXACT: @@ -60371,14 +60473,17 @@
EXACT: @@ -60650,12 +60755,14 @@
EXACT: @@ -60681,6 +60788,7 @@
EXACT: @@ -60714,6 +60822,7 @@
EXACT: @@ -60774,6 +60883,7 @@
EXACT: @@ -60800,17 +60910,23 @@
EXACT: @@ -60899,6 +61015,7 @@
EXACT: @@ -60919,6 +61036,7 @@
EXACT: @@ -60940,9 +61058,35 @@
EXACT: @@ -63073,6 +63217,10 @@
EXACT: @@ -63627,7 +63775,9 @@
EXACT: @@ -63870,12 +64020,14 @@
EXACT: @@ -64153,6 +64305,10 @@
EXACT: @@ -71260,6 +71416,8 @@
FAILURE: @@ -71295,7 +71453,7 @@
OFFSET: @@ -71483,7 +71641,7 @@ offset 7 lines
EXACT: @@ -71552,6 +71710,7 @@
OFFSET: @@ -72488,6 +72647,7 @@ offset 16 lines
OFFSET: @@ -72674,6 +72834,7 @@ offset 3 lines
OFFSET: @@ -72871,7 +73032,12 @@ offset 1 lines
EXACT: @@ -72883,14 +73049,17 @@
EXACT: @@ -73531,6 +73700,10 @@
EXACT: @@ -75010,6 +75183,7 @@
src/Terraria/Terraria/RemoteServer.cs,	exact: 2,	offset: 0,	fuzzy: 0,	failed: 7
EXACT: @@ -1,6 +1,7 @@
EXACT: @@ -55,6 +56,7 @@
src/Terraria/Terraria/Projectile.cs,	exact: 34,	offset: 6,	fuzzy: 0,	failed: 26
EXACT: @@ -20,12 +20,13 @@
FAILURE: @@ -88,9 +89,9 @@
EXACT: @@ -100,7 +101,6 @@
EXACT: @@ -112,9 +112,34 @@
OFFSET: @@ -141,7 +166,12 @@ offset 3 lines
FAILURE: @@ -189,7 +219,7 @@
EXACT: @@ -218,7 +248,32 @@
FAILURE: @@ -8075,9 +8130,13 @@
FAILURE: @@ -8190,7 +8249,7 @@
FAILURE: @@ -9034,9 +9093,18 @@
OFFSET: @@ -9062,6 +9130,7 @@ offset 13 lines
EXACT: @@ -9203,11 +9272,26 @@

# @TODO: Got up to this patched

FAILURE: @@ -9217,12 +9301,15 @@
FAILURE: @@ -9381,7 +9468,7 @@
FAILURE: @@ -9411,6 +9498,7 @@
FAILURE: @@ -9419,6 +9507,10 @@
FAILURE: @@ -9728,7 +9820,7 @@
FAILURE: @@ -9858,6 +9950,10 @@
FAILURE: @@ -9869,7 +9965,9 @@
FAILURE: @@ -9886,13 +9984,27 @@
FAILURE: @@ -10166,6 +10278,10 @@
FAILURE: @@ -10310,6 +10426,9 @@
FAILURE: @@ -10344,14 +10463,18 @@
FAILURE: @@ -10362,6 +10485,8 @@
FAILURE: @@ -10474,9 +10599,15 @@
FAILURE: @@ -10510,7 +10641,12 @@
OFFSET: @@ -10518,6 +10654,9 @@ offset -11 lines
OFFSET: @@ -10548,7 +10687,7 @@ offset 22 lines
EXACT: @@ -10679,10 +10818,15 @@
EXACT: @@ -10868,6 +11012,10 @@
EXACT: @@ -11403,7 +11551,7 @@
EXACT: @@ -12127,8 +12275,19 @@
EXACT: @@ -12142,13 +12301,17 @@
EXACT: @@ -12401,7 +12564,9 @@
EXACT: @@ -13332,6 +13497,9 @@
EXACT: @@ -13449,6 +13617,9 @@
EXACT: @@ -13939,9 +14110,11 @@
EXACT: @@ -14301,6 +14474,9 @@
EXACT: @@ -14453,6 +14629,10 @@
OFFSET: @@ -26370,7 +26550,7 @@ offset 19 lines
EXACT: @@ -27946,7 +28126,7 @@
EXACT: @@ -33060,6 +33240,9 @@
EXACT: @@ -33152,6 +33335,7 @@
EXACT: @@ -33229,6 +33413,7 @@
EXACT: @@ -33439,7 +33624,7 @@
EXACT: @@ -33745,7 +33930,7 @@
EXACT: @@ -34158,6 +34343,7 @@
EXACT: @@ -43088,7 +43274,7 @@
EXACT: @@ -43325,7 +43511,7 @@
EXACT: @@ -43437,7 +43623,7 @@
EXACT: @@ -44449,6 +44635,11 @@
EXACT: @@ -45029,7 +45220,7 @@
EXACT: @@ -45561,7 +45752,7 @@
EXACT: @@ -46210,6 +46401,11 @@
EXACT: @@ -47040,7 +47236,7 @@
OFFSET: @@ -52618,6 +52814,7 @@ offset 17 lines
EXACT: @@ -52684,6 +52881,9 @@
EXACT: @@ -52744,7 +52944,7 @@
EXACT: @@ -52798,6 +52998,10 @@
src/Terraria/Terraria/SceneMetrics.cs,	exact: 11,	offset: 0,	fuzzy: 0,	failed: 26
EXACT: @@ -2,6 +2,7 @@
EXACT: @@ -28,7 +29,7 @@
EXACT: @@ -59,47 +60,47 @@
EXACT: @@ -109,32 +110,32 @@
EXACT: @@ -159,12 +160,12 @@
EXACT: @@ -196,6 +197,8 @@
EXACT: @@ -250,6 +253,8 @@
EXACT: @@ -262,7 +267,7 @@
EXACT: @@ -323,6 +328,11 @@
EXACT: @@ -333,6 +343,8 @@
EXACT: @@ -419,6 +431,8 @@
src/Terraria/Terraria/RecipeGroup.cs,	exact: 2,	offset: 0,	fuzzy: 0,	failed: 26
EXACT: @@ -5,13 +5,15 @@
EXACT: @@ -19,10 +21,12 @@
src/Terraria/Terraria/Terraria.csproj,	exact: 0,	offset: 0,	fuzzy: 0,	failed: 27
FAILURE: @@ -2,69 +2,144 @@
src/Terraria/Terraria/Star.cs,	exact: 3,	offset: 0,	fuzzy: 0,	failed: 27
EXACT: @@ -16,7 +16,7 @@
EXACT: @@ -128,8 +128,8 @@
EXACT: @@ -154,7 +154,7 @@
src/Terraria/Terraria/Terraria_LegacyNetFramework.csproj,	exact: 3,	offset: 0,	fuzzy: 0,	failed: 27
EXACT: @@ -7,7 +7,17 @@
EXACT: @@ -18,54 +28,58 @@
EXACT: @@ -87,7 +101,11 @@
src/Terraria/Terraria/Player.cs,	exact: 353,	offset: 12,	fuzzy: 0,	failed: 35
EXACT: @@ -34,10 +34,15 @@
EXACT: @@ -186,18 +191,28 @@
EXACT: @@ -398,7 +413,7 @@
EXACT: @@ -407,7 +422,7 @@
EXACT: @@ -434,8 +449,8 @@
FAILURE: @@ -702,7 +717,7 @@
OFFSET: @@ -1079,18 +1094,21 @@ offset 1 lines
EXACT: @@ -1125,12 +1143,30 @@
EXACT: @@ -1375,7 +1411,7 @@
OFFSET: @@ -2058,6 +2094,7 @@ offset 1 lines
EXACT: @@ -2074,12 +2111,18 @@
EXACT: @@ -2088,39 +2131,41 @@
EXACT: @@ -2448,6 +2493,7 @@
EXACT: @@ -2461,6 +2507,7 @@
EXACT: @@ -2496,6 +2543,7 @@
EXACT: @@ -2596,7 +2644,7 @@
EXACT: @@ -2609,7 +2657,7 @@
EXACT: @@ -2630,7 +2678,7 @@
EXACT: @@ -2640,7 +2688,7 @@
EXACT: @@ -2660,7 +2708,7 @@
EXACT: @@ -2670,7 +2718,7 @@
EXACT: @@ -2679,7 +2727,7 @@
EXACT: @@ -2687,11 +2735,13 @@
EXACT: @@ -2709,7 +2759,7 @@
EXACT: @@ -2727,24 +2777,28 @@
EXACT: @@ -2752,7 +2806,7 @@
EXACT: @@ -2784,24 +2838,29 @@
EXACT: @@ -2815,9 +2874,12 @@
EXACT: @@ -2846,7 +2908,7 @@
EXACT: @@ -2872,24 +2934,29 @@
EXACT: @@ -2898,7 +2965,7 @@
EXACT: @@ -2910,7 +2977,7 @@
EXACT: @@ -2921,22 +2988,26 @@
EXACT: @@ -2946,6 +3017,7 @@
EXACT: @@ -2964,19 +3036,21 @@
EXACT: @@ -2990,7 +3064,7 @@
EXACT: @@ -3027,7 +3101,7 @@
EXACT: @@ -3050,7 +3124,7 @@
EXACT: @@ -3074,6 +3148,7 @@
EXACT: @@ -3145,12 +3220,12 @@
EXACT: @@ -3210,7 +3285,12 @@
EXACT: @@ -3285,11 +3365,21 @@
EXACT: @@ -3381,6 +3471,8 @@
EXACT: @@ -3733,7 +3825,7 @@
EXACT: @@ -3746,7 +3838,7 @@
EXACT: @@ -3758,9 +3850,17 @@
EXACT: @@ -3984,15 +4084,33 @@
EXACT: @@ -4486,8 +4604,11 @@
EXACT: @@ -4534,9 +4655,12 @@
EXACT: @@ -4657,6 +4781,10 @@
EXACT: @@ -5945,6 +6073,8 @@
EXACT: @@ -5972,7 +6102,9 @@
EXACT: @@ -5984,6 +6116,10 @@
EXACT: @@ -6013,9 +6149,15 @@
EXACT: @@ -6054,9 +6196,15 @@
EXACT: @@ -6113,6 +6261,7 @@
EXACT: @@ -6146,6 +6295,10 @@
EXACT: @@ -6433,6 +6586,7 @@
EXACT: @@ -6457,11 +6611,12 @@
EXACT: @@ -6473,13 +6628,13 @@
EXACT: @@ -6488,22 +6643,22 @@
EXACT: @@ -6512,17 +6667,17 @@
EXACT: @@ -6579,13 +6734,14 @@
EXACT: @@ -6608,9 +6764,12 @@
EXACT: @@ -6658,6 +6817,7 @@
EXACT: @@ -6782,9 +6942,12 @@
EXACT: @@ -6828,10 +6991,13 @@
EXACT: @@ -6876,7 +7042,7 @@
EXACT: @@ -6904,7 +7070,7 @@
EXACT: @@ -6928,7 +7094,7 @@
EXACT: @@ -6958,7 +7124,7 @@
EXACT: @@ -6983,7 +7149,7 @@
EXACT: @@ -7010,7 +7176,7 @@
EXACT: @@ -7027,10 +7193,13 @@
EXACT: @@ -7695,10 +7864,13 @@
EXACT: @@ -8084,14 +8256,20 @@
EXACT: @@ -8099,14 +8277,20 @@
EXACT: @@ -8114,14 +8298,18 @@
FAILURE: @@ -8196,6 +8384,8 @@
OFFSET: @@ -8516,12 +8706,19 @@ offset 15 lines
EXACT: @@ -8596,13 +8793,21 @@
EXACT: @@ -8827,6 +9032,9 @@
EXACT: @@ -8834,6 +9042,7 @@
EXACT: @@ -8848,9 +9057,12 @@
EXACT: @@ -8895,10 +9107,13 @@
EXACT: @@ -8927,16 +9142,22 @@
EXACT: @@ -8956,16 +9177,22 @@
EXACT: @@ -8988,16 +9215,22 @@
EXACT: @@ -9018,6 +9251,9 @@
EXACT: @@ -9025,16 +9261,21 @@
EXACT: @@ -9054,9 +9295,12 @@
EXACT: @@ -9080,6 +9324,9 @@
EXACT: @@ -9087,9 +9334,13 @@
EXACT: @@ -9097,6 +9348,7 @@
EXACT: @@ -9123,31 +9375,43 @@
EXACT: @@ -9173,6 +9437,9 @@
EXACT: @@ -9180,12 +9447,16 @@
EXACT: @@ -9453,43 +9724,61 @@
EXACT: @@ -9515,6 +9804,22 @@
EXACT: @@ -9525,21 +9830,30 @@
EXACT: @@ -9548,6 +9862,7 @@
EXACT: @@ -9556,6 +9871,7 @@
EXACT: @@ -9764,6 +10080,10 @@
EXACT: @@ -9788,6 +10108,8 @@
EXACT: @@ -9811,8 +10133,12 @@
EXACT: @@ -9938,6 +10264,9 @@
EXACT: @@ -9945,6 +10274,7 @@
EXACT: @@ -10132,6 +10462,9 @@
EXACT: @@ -10139,6 +10472,7 @@
EXACT: @@ -10181,9 +10515,12 @@
EXACT: @@ -10315,7 +10652,7 @@
EXACT: @@ -10567,10 +10904,7 @@
EXACT: @@ -10686,13 +11020,24 @@
EXACT: @@ -10856,10 +11201,14 @@
EXACT: @@ -11065,6 +11414,9 @@
EXACT: @@ -11097,10 +11449,13 @@
EXACT: @@ -11158,7 +11513,7 @@
EXACT: @@ -11171,7 +11526,7 @@
EXACT: @@ -11312,7 +11667,7 @@
EXACT: @@ -11419,6 +11774,9 @@
EXACT: @@ -11426,6 +11784,7 @@
EXACT: @@ -11459,7 +11818,7 @@
EXACT: @@ -11611,6 +11970,8 @@
EXACT: @@ -11708,6 +12069,11 @@
EXACT: @@ -11717,6 +12083,9 @@
EXACT: @@ -11729,6 +12098,9 @@
EXACT: @@ -11871,6 +12243,8 @@
EXACT: @@ -12019,6 +12393,7 @@
EXACT: @@ -12049,6 +12424,7 @@
EXACT: @@ -12078,6 +12454,13 @@
EXACT: @@ -12194,6 +12577,7 @@
EXACT: @@ -12205,6 +12589,7 @@
OFFSET: @@ -12247,8 +12632,9 @@ offset 1 lines
EXACT: @@ -12440,6 +12826,15 @@
EXACT: @@ -12480,7 +12875,7 @@
EXACT: @@ -12502,16 +12897,16 @@
EXACT: @@ -12539,7 +12934,7 @@
EXACT: @@ -12566,6 +12961,7 @@
EXACT: @@ -12745,6 +13141,13 @@
EXACT: @@ -12913,6 +13316,9 @@
EXACT: @@ -12982,6 +13388,7 @@
EXACT: @@ -12998,6 +13405,7 @@
EXACT: @@ -13069,6 +13477,9 @@
EXACT: @@ -13076,8 +13487,10 @@
EXACT: @@ -13120,9 +13533,14 @@
OFFSET: @@ -13357,6 +13775,7 @@ offset 1 lines
EXACT: @@ -13462,17 +13881,19 @@
EXACT: @@ -13603,6 +14024,7 @@
OFFSET: @@ -13665,6 +14087,7 @@ offset 5 lines
FAILURE: @@ -13729,6 +14152,7 @@
EXACT: @@ -13912,8 +14336,8 @@
EXACT: @@ -14106,7 +14530,7 @@
EXACT: @@ -14211,7 +14635,7 @@
EXACT: @@ -14326,7 +14750,7 @@
EXACT: @@ -14343,7 +14767,7 @@
EXACT: @@ -14357,7 +14781,7 @@
EXACT: @@ -14371,7 +14795,7 @@
EXACT: @@ -14551,7 +14975,7 @@
OFFSET: @@ -14646,7 +15070,7 @@ offset 12 lines
EXACT: @@ -15048,16 +15472,18 @@
EXACT: @@ -15098,16 +15524,18 @@
EXACT: @@ -15637,8 +16065,10 @@
EXACT: @@ -15735,6 +16165,7 @@
EXACT: @@ -16039,7 +16470,7 @@
EXACT: @@ -16111,6 +16542,11 @@
EXACT: @@ -16152,6 +16588,10 @@
EXACT: @@ -16176,13 +16616,14 @@
EXACT: @@ -16813,6 +17254,7 @@
EXACT: @@ -16850,7 +17292,7 @@
EXACT: @@ -16860,6 +17302,7 @@
EXACT: @@ -16925,6 +17368,7 @@
EXACT: @@ -16936,6 +17380,7 @@
EXACT: @@ -17164,6 +17609,8 @@
EXACT: @@ -17317,6 +17764,7 @@
OFFSET: @@ -17656,6 +18104,7 @@ offset -1 lines
EXACT: @@ -17795,7 +18244,10 @@
EXACT: @@ -17839,6 +18291,7 @@
EXACT: @@ -18030,12 +18483,6 @@
EXACT: @@ -18043,7 +18490,7 @@
EXACT: @@ -18158,9 +18605,11 @@
FAILURE: @@ -18191,12 +18640,14 @@
EXACT: @@ -18205,6 +18656,9 @@
EXACT: @@ -18240,7 +18694,7 @@
EXACT: @@ -18293,6 +18747,7 @@
EXACT: @@ -18340,8 +18795,11 @@
EXACT: @@ -18373,6 +18831,7 @@
EXACT: @@ -18392,6 +18851,7 @@
EXACT: @@ -18492,6 +18952,7 @@
EXACT: @@ -18504,7 +18965,7 @@
EXACT: @@ -18516,10 +18977,7 @@
EXACT: @@ -19026,6 +19484,7 @@
EXACT: @@ -19112,12 +19571,13 @@
EXACT: @@ -19128,7 +19588,7 @@
EXACT: @@ -19381,7 +19841,7 @@
EXACT: @@ -19588,7 +20048,7 @@
EXACT: @@ -19661,15 +20121,17 @@
EXACT: @@ -19713,7 +20175,7 @@
EXACT: @@ -19799,7 +20261,7 @@
EXACT: @@ -20046,6 +20508,7 @@
EXACT: @@ -20131,11 +20594,12 @@
EXACT: @@ -20196,6 +20660,9 @@
EXACT: @@ -20203,6 +20670,9 @@
EXACT: @@ -20301,6 +20771,8 @@
EXACT: @@ -20407,7 +20879,7 @@
EXACT: @@ -21048,6 +21520,8 @@
EXACT: @@ -21622,6 +22096,9 @@
EXACT: @@ -21661,6 +22138,10 @@
EXACT: @@ -21682,8 +22163,15 @@
EXACT: @@ -21758,6 +22246,8 @@
EXACT: @@ -21804,6 +22294,11 @@
EXACT: @@ -21962,6 +22457,9 @@
EXACT: @@ -22205,6 +22703,8 @@
EXACT: @@ -22220,7 +22720,8 @@
EXACT: @@ -22295,7 +22796,7 @@
EXACT: @@ -22419,7 +22920,7 @@
EXACT: @@ -22723,7 +23224,8 @@
EXACT: @@ -22741,19 +23243,22 @@
EXACT: @@ -22769,7 +23274,7 @@
EXACT: @@ -22941,7 +23446,7 @@
EXACT: @@ -22983,7 +23488,7 @@
EXACT: @@ -23043,7 +23548,9 @@
EXACT: @@ -23101,13 +23608,17 @@
EXACT: @@ -24048,7 +24559,7 @@
EXACT: @@ -24626,6 +25137,8 @@
EXACT: @@ -24759,11 +25272,22 @@
EXACT: @@ -24772,7 +25296,9 @@
EXACT: @@ -25328,7 +25854,7 @@
EXACT: @@ -25369,15 +25895,17 @@
EXACT: @@ -25386,7 +25914,7 @@
EXACT: @@ -25471,8 +25999,9 @@
EXACT: @@ -25613,6 +26142,7 @@
EXACT: @@ -25648,6 +26178,9 @@
EXACT: @@ -25772,6 +26305,7 @@
EXACT: @@ -25988,6 +26522,8 @@
EXACT: @@ -26121,6 +26657,10 @@
EXACT: @@ -26201,6 +26741,7 @@
EXACT: @@ -26239,6 +26780,24 @@
EXACT: @@ -26246,7 +26805,7 @@
EXACT: @@ -26272,7 +26831,7 @@
EXACT: @@ -26338,8 +26897,15 @@
EXACT: @@ -26494,6 +27060,8 @@
EXACT: @@ -26674,6 +27242,7 @@
EXACT: @@ -26858,6 +27427,9 @@
EXACT: @@ -27054,7 +27626,7 @@
EXACT: @@ -27115,6 +27687,7 @@
EXACT: @@ -27177,6 +27750,12 @@
EXACT: @@ -27188,7 +27767,7 @@
EXACT: @@ -27215,7 +27794,7 @@
EXACT: @@ -27242,7 +27821,7 @@
EXACT: @@ -27334,6 +27913,8 @@
EXACT: @@ -27467,6 +28048,9 @@
EXACT: @@ -27481,7 +28065,12 @@
EXACT: @@ -27506,6 +28095,9 @@
EXACT: @@ -27542,6 +28134,11 @@
EXACT: @@ -27600,19 +28197,24 @@
EXACT: @@ -27630,6 +28232,7 @@
EXACT: @@ -27649,6 +28252,7 @@
EXACT: @@ -27725,6 +28329,9 @@
EXACT: @@ -28075,6 +28682,8 @@
EXACT: @@ -28083,6 +28692,7 @@
EXACT: @@ -28141,7 +28751,8 @@
EXACT: @@ -28173,9 +28784,18 @@
EXACT: @@ -28227,9 +28847,12 @@
EXACT: @@ -28399,6 +29022,7 @@
EXACT: @@ -28586,7 +29210,8 @@
EXACT: @@ -28951,7 +29576,7 @@
EXACT: @@ -29478,7 +30103,8 @@
EXACT: @@ -29487,7 +30113,8 @@
EXACT: @@ -29537,7 +30164,7 @@
EXACT: @@ -29780,6 +30407,7 @@
EXACT: @@ -29874,8 +30502,8 @@
EXACT: @@ -29883,12 +30511,12 @@
EXACT: @@ -29920,21 +30548,20 @@
EXACT: @@ -29950,20 +30577,17 @@
EXACT: @@ -29991,7 +30615,8 @@
EXACT: @@ -30153,6 +30778,9 @@
EXACT: @@ -30180,6 +30808,12 @@
EXACT: @@ -30192,6 +30826,39 @@
EXACT: @@ -30205,8 +30872,17 @@
FAILURE: @@ -30235,7 +30911,7 @@
EXACT: @@ -30245,6 +30921,10 @@
EXACT: @@ -30265,12 +30945,23 @@
EXACT: @@ -30284,11 +30975,19 @@
OFFSET: @@ -30313,7 +31012,7 @@ offset 6 lines
EXACT: @@ -30376,7 +31075,8 @@
EXACT: @@ -30387,6 +31087,7 @@
EXACT: @@ -30398,27 +31099,32 @@
EXACT: @@ -30523,7 +31229,7 @@
EXACT: @@ -30612,7 +31318,7 @@
EXACT: @@ -30638,7 +31344,7 @@
EXACT: @@ -30653,7 +31359,7 @@
EXACT: @@ -30669,11 +31375,11 @@
EXACT: @@ -30707,11 +31413,12 @@
EXACT: @@ -30743,7 +31450,7 @@
EXACT: @@ -30764,6 +31471,8 @@
EXACT: @@ -31026,11 +31735,18 @@
EXACT: @@ -31078,6 +31794,8 @@
OFFSET: @@ -31102,11 +31820,18 @@ offset 13 lines
EXACT: @@ -31154,6 +31879,11 @@
FAILURE: @@ -31162,6 +31892,11 @@
OFFSET: @@ -31692,6 +32427,9 @@ offset 6 lines
EXACT: @@ -31770,6 +32508,7 @@
EXACT: @@ -32081,7 +32820,7 @@
EXACT: @@ -32111,7 +32850,10 @@
EXACT: @@ -32270,7 +33012,9 @@
EXACT: @@ -32862,7 +33606,8 @@
EXACT: @@ -32880,7 +33625,8 @@
EXACT: @@ -32899,7 +33645,8 @@
EXACT: @@ -32918,7 +33665,8 @@
EXACT: @@ -32951,7 +33699,8 @@
EXACT: @@ -33029,6 +33778,9 @@
EXACT: @@ -33038,7 +33790,9 @@
EXACT: @@ -33108,6 +33862,12 @@
EXACT: @@ -33246,6 +34006,13 @@
EXACT: @@ -33281,6 +34048,11 @@
EXACT: @@ -33289,6 +34061,8 @@
EXACT: @@ -34474,6 +35248,10 @@
EXACT: @@ -34643,6 +35421,9 @@
EXACT: @@ -34675,6 +35456,11 @@
EXACT: @@ -34684,6 +35470,11 @@
EXACT: @@ -34996,6 +35787,10 @@
EXACT: @@ -35238,10 +36033,13 @@
EXACT: @@ -35302,6 +36100,10 @@
EXACT: @@ -36033,6 +36835,9 @@
EXACT: @@ -36403,6 +37208,11 @@
EXACT: @@ -36568,9 +37378,19 @@
EXACT: @@ -36580,6 +37400,7 @@
EXACT: @@ -36600,6 +37421,7 @@
EXACT: @@ -36757,7 +37579,7 @@
EXACT: @@ -36921,6 +37743,7 @@
EXACT: @@ -36935,11 +37758,25 @@
EXACT: @@ -36950,9 +37787,21 @@
EXACT: @@ -36978,6 +37827,29 @@
EXACT: @@ -37044,8 +37916,11 @@
EXACT: @@ -37100,8 +37975,14 @@
EXACT: @@ -37113,11 +37994,12 @@
EXACT: @@ -37155,10 +38037,15 @@
EXACT: @@ -37173,13 +38060,19 @@
EXACT: @@ -37221,7 +38114,7 @@
EXACT: @@ -37229,11 +38122,20 @@
EXACT: @@ -37303,7 +38205,24 @@
EXACT: @@ -37358,6 +38277,9 @@
EXACT: @@ -37649,24 +38571,50 @@
EXACT: @@ -37680,6 +38628,8 @@
EXACT: @@ -37697,6 +38647,8 @@
EXACT: @@ -37714,6 +38666,8 @@
EXACT: @@ -37733,6 +38687,8 @@
EXACT: @@ -37740,12 +38696,26 @@
EXACT: @@ -37800,6 +38770,7 @@
EXACT: @@ -37852,13 +38823,14 @@
EXACT: @@ -37877,7 +38849,7 @@
EXACT: @@ -38012,6 +38984,7 @@
FAILURE: @@ -38019,13 +38992,14 @@
EXACT: @@ -38071,63 +39045,57 @@
EXACT: @@ -38143,7 +39111,7 @@
EXACT: @@ -38172,9 +39140,13 @@
FAILURE: @@ -38278,6 +39250,8 @@
OFFSET: @@ -38616,7 +39590,7 @@ offset 2 lines
EXACT: @@ -38706,7 +39680,7 @@
EXACT: @@ -38716,6 +39690,9 @@
EXACT: @@ -38746,9 +39723,12 @@
EXACT: @@ -38756,14 +39736,24 @@
EXACT: @@ -38773,12 +39763,17 @@
EXACT: @@ -38829,6 +39824,14 @@
EXACT: @@ -38869,7 +39872,7 @@
EXACT: @@ -39099,6 +40102,7 @@
EXACT: @@ -39284,56 +40288,23 @@
EXACT: @@ -39365,16 +40336,9 @@
EXACT: @@ -39402,12 +40366,18 @@
EXACT: @@ -39535,6 +40505,7 @@
EXACT: @@ -39580,7 +40551,7 @@
EXACT: @@ -39700,7 +40671,7 @@
EXACT: @@ -39819,7 +40790,7 @@
src/Terraria/Terraria/Tile.cs,	exact: 11,	offset: 0,	fuzzy: 0,	failed: 35
EXACT: @@ -9,28 +9,28 @@
EXACT: @@ -118,7 +118,7 @@
EXACT: @@ -150,7 +150,7 @@
EXACT: @@ -161,7 +161,7 @@
EXACT: @@ -175,9 +175,9 @@
EXACT: @@ -205,7 +205,7 @@
EXACT: @@ -213,12 +213,12 @@
EXACT: @@ -226,7 +226,7 @@
EXACT: @@ -234,7 +234,7 @@
EXACT: @@ -242,7 +242,7 @@
EXACT: @@ -251,154 +251,154 @@
src/Terraria/Terraria/Utils.cs,	exact: 7,	offset: 0,	fuzzy: 0,	failed: 35
EXACT: @@ -4,7 +4,6 @@
EXACT: @@ -24,7 +23,7 @@
EXACT: @@ -200,7 +199,8 @@
EXACT: @@ -263,6 +263,12 @@
EXACT: @@ -270,7 +276,8 @@
EXACT: @@ -525,18 +532,22 @@
EXACT: @@ -1136,14 +1147,17 @@
src/Terraria/Terraria/TileObject.cs,	exact: 3,	offset: 0,	fuzzy: 0,	failed: 35
EXACT: @@ -138,7 +138,7 @@
EXACT: @@ -281,7 +281,7 @@
EXACT: @@ -292,7 +292,7 @@
src/Terraria/Terraria/WindowsLaunch.cs,	exact: 1,	offset: 0,	fuzzy: 0,	failed: 35
EXACT: @@ -63,7 +63,8 @@
src/Terraria/Terraria/Main.cs,	exact: 311,	offset: 2,	fuzzy: 0,	failed: 41
EXACT: @@ -3,6 +3,7 @@
EXACT: @@ -19,7 +20,7 @@
EXACT: @@ -35,6 +36,7 @@
EXACT: @@ -72,9 +74,16 @@
EXACT: @@ -87,9 +96,9 @@
FAILURE: @@ -241,7 +250,7 @@
FAILURE: @@ -260,7 +269,7 @@
EXACT: @@ -513,12 +522,12 @@
EXACT: @@ -545,7 +554,7 @@
EXACT: @@ -559,13 +568,13 @@
EXACT: @@ -586,8 +595,8 @@
EXACT: @@ -618,12 +627,12 @@
EXACT: @@ -708,7 +717,7 @@
EXACT: @@ -763,7 +772,15 @@
EXACT: @@ -788,7 +805,7 @@
EXACT: @@ -829,7 +846,11 @@
EXACT: @@ -1161,9 +1182,9 @@
EXACT: @@ -1864,7 +1885,7 @@
EXACT: @@ -1971,7 +1992,7 @@
EXACT: @@ -2008,16 +2029,16 @@
EXACT: @@ -2032,7 +2053,7 @@
EXACT: @@ -2042,7 +2063,7 @@
EXACT: @@ -2054,7 +2075,7 @@
EXACT: @@ -2110,20 +2131,20 @@
EXACT: @@ -2281,7 +2302,7 @@
EXACT: @@ -2764,6 +2785,7 @@
EXACT: @@ -2780,6 +2802,12 @@
EXACT: @@ -2826,11 +2854,13 @@
EXACT: @@ -2838,10 +2868,14 @@
EXACT: @@ -2859,8 +2893,8 @@
EXACT: @@ -2889,6 +2923,7 @@
EXACT: @@ -2930,6 +2965,8 @@
EXACT: @@ -3068,7 +3105,8 @@
EXACT: @@ -3153,6 +3191,7 @@
EXACT: @@ -3179,6 +3218,7 @@
EXACT: @@ -3261,7 +3301,15 @@
EXACT: @@ -3549,6 +3597,7 @@
FAILURE: @@ -3561,8 +3610,10 @@
EXACT: @@ -3690,9 +3741,11 @@
EXACT: @@ -3722,6 +3775,7 @@
EXACT: @@ -3910,6 +3964,12 @@
EXACT: @@ -4019,6 +4079,8 @@
EXACT: @@ -4029,7 +4091,7 @@
EXACT: @@ -4038,17 +4100,30 @@
EXACT: @@ -4061,6 +4136,8 @@
EXACT: @@ -4078,7 +4155,7 @@
EXACT: @@ -4101,7 +4178,7 @@
EXACT: @@ -4140,7 +4217,7 @@
EXACT: @@ -4182,7 +4259,7 @@
EXACT: @@ -4218,7 +4295,7 @@
EXACT: @@ -4250,7 +4327,7 @@
EXACT: @@ -4314,6 +4391,19 @@
EXACT: @@ -4323,7 +4413,7 @@
EXACT: @@ -4351,7 +4441,7 @@
EXACT: @@ -4377,7 +4467,7 @@
EXACT: @@ -4401,7 +4491,7 @@
EXACT: @@ -4424,6 +4514,7 @@
EXACT: @@ -4446,39 +4537,38 @@
EXACT: @@ -4492,20 +4582,14 @@
EXACT: @@ -4525,8 +4609,14 @@
EXACT: @@ -4566,12 +4656,21 @@
EXACT: @@ -4603,6 +4702,8 @@
EXACT: @@ -4657,11 +4758,12 @@
EXACT: @@ -4783,7 +4885,7 @@
EXACT: @@ -4803,7 +4905,8 @@
EXACT: @@ -4818,10 +4921,17 @@
EXACT: @@ -4833,7 +4943,7 @@
EXACT: @@ -4842,6 +4952,7 @@
EXACT: @@ -4869,6 +4980,7 @@
EXACT: @@ -4907,8 +5019,15 @@
EXACT: @@ -5116,7 +5235,7 @@
EXACT: @@ -8403,11 +8522,17 @@
EXACT: @@ -8431,7 +8556,7 @@
EXACT: @@ -8442,6 +8567,8 @@
EXACT: @@ -8511,6 +8638,8 @@
EXACT: @@ -8921,6 +9050,8 @@
EXACT: @@ -8946,12 +9077,12 @@
EXACT: @@ -9158,17 +9289,22 @@
EXACT: @@ -9426,6 +9562,9 @@
EXACT: @@ -9537,6 +9676,11 @@
EXACT: @@ -9591,6 +9735,8 @@
EXACT: @@ -9607,13 +9753,11 @@
EXACT: @@ -9632,12 +9776,18 @@
EXACT: @@ -9647,6 +9797,9 @@
EXACT: @@ -9668,6 +9821,9 @@
EXACT: @@ -9683,6 +9839,9 @@
EXACT: @@ -9704,6 +9863,9 @@
EXACT: @@ -9733,6 +9895,9 @@
EXACT: @@ -9757,6 +9922,9 @@
EXACT: @@ -10008,12 +10176,12 @@
EXACT: @@ -10023,15 +10191,15 @@
EXACT: @@ -12384,11 +12552,16 @@
EXACT: @@ -12411,7 +12584,14 @@
EXACT: @@ -12555,6 +12735,10 @@
EXACT: @@ -12728,6 +12912,9 @@
EXACT: @@ -12786,13 +12973,13 @@
EXACT: @@ -12807,10 +12994,16 @@
EXACT: @@ -12828,6 +13021,7 @@
EXACT: @@ -12890,6 +13084,10 @@
EXACT: @@ -12930,6 +13128,9 @@
EXACT: @@ -12973,7 +13174,13 @@
EXACT: @@ -13094,6 +13301,9 @@
EXACT: @@ -13122,7 +13332,7 @@
EXACT: @@ -13152,6 +13362,8 @@
EXACT: @@ -13160,6 +13372,9 @@
EXACT: @@ -13193,7 +13408,12 @@
EXACT: @@ -13242,6 +13462,10 @@
EXACT: @@ -13256,6 +13480,9 @@
EXACT: @@ -13277,6 +13504,10 @@
EXACT: @@ -13292,6 +13523,9 @@
EXACT: @@ -13307,11 +13541,15 @@
EXACT: @@ -13324,6 +13562,8 @@
EXACT: @@ -13364,6 +13604,7 @@
EXACT: @@ -13544,7 +13785,8 @@
EXACT: @@ -13560,6 +13802,7 @@
EXACT: @@ -14208,6 +14451,7 @@
EXACT: @@ -14306,6 +14550,8 @@
EXACT: @@ -14880,15 +15126,15 @@
EXACT: @@ -14906,9 +15152,6 @@
EXACT: @@ -14948,12 +15191,18 @@
EXACT: @@ -14993,8 +15242,9 @@
EXACT: @@ -15002,6 +15252,7 @@
EXACT: @@ -15062,6 +15313,7 @@
EXACT: @@ -15074,12 +15326,15 @@
EXACT: @@ -15118,11 +15373,17 @@
EXACT: @@ -15143,17 +15404,14 @@
EXACT: @@ -15190,9 +15448,12 @@
EXACT: @@ -15201,47 +15462,80 @@
EXACT: @@ -15275,8 +15569,12 @@
EXACT: @@ -15292,6 +15590,14 @@
EXACT: @@ -15311,10 +15617,13 @@
EXACT: @@ -15324,6 +15633,9 @@
EXACT: @@ -15343,67 +15655,80 @@
EXACT: @@ -15414,41 +15739,49 @@
EXACT: @@ -15456,10 +15789,12 @@
EXACT: @@ -15472,16 +15807,19 @@
EXACT: @@ -15489,6 +15827,7 @@
EXACT: @@ -15512,6 +15851,7 @@
EXACT: @@ -15529,6 +15869,7 @@
EXACT: @@ -15543,6 +15884,7 @@
EXACT: @@ -15559,6 +15901,7 @@
EXACT: @@ -15575,6 +15918,7 @@
EXACT: @@ -15591,6 +15935,7 @@
EXACT: @@ -15607,137 +15952,160 @@
EXACT: @@ -15746,6 +16114,7 @@
EXACT: @@ -15755,11 +16124,12 @@
EXACT: @@ -15774,7 +16144,7 @@
EXACT: @@ -15799,6 +16169,7 @@
EXACT: @@ -15816,7 +16187,7 @@
EXACT: @@ -15843,7 +16214,7 @@
EXACT: @@ -15885,9 +16256,12 @@
EXACT: @@ -16119,7 +16493,7 @@
EXACT: @@ -16127,11 +16501,11 @@
EXACT: @@ -16143,7 +16517,7 @@
EXACT: @@ -16156,11 +16530,11 @@
EXACT: @@ -16247,6 +16621,8 @@
EXACT: @@ -16447,7 +16823,7 @@
EXACT: @@ -16564,12 +16940,12 @@
EXACT: @@ -16965,6 +17341,17 @@
EXACT: @@ -20381,12 +20768,14 @@
EXACT: @@ -20446,6 +20835,7 @@
EXACT: @@ -20549,6 +20939,9 @@
EXACT: @@ -20561,10 +20954,20 @@
EXACT: @@ -20663,7 +21066,9 @@
EXACT: @@ -20832,6 +21237,9 @@
EXACT: @@ -21903,6 +22311,8 @@
EXACT: @@ -21910,6 +22320,21 @@
EXACT: @@ -22281,6 +22706,7 @@
EXACT: @@ -22290,6 +22716,7 @@
EXACT: @@ -25457,6 +25884,11 @@
EXACT: @@ -25672,7 +26104,7 @@
EXACT: @@ -25717,6 +26149,10 @@
EXACT: @@ -26055,6 +26491,7 @@
EXACT: @@ -27847,10 +28284,13 @@
FAILURE: @@ -27884,7 +28324,7 @@
EXACT: @@ -27901,6 +28341,9 @@
EXACT: @@ -28254,10 +28697,14 @@
EXACT: @@ -28358,11 +28805,15 @@
EXACT: @@ -28508,6 +28959,13 @@
FAILURE: @@ -29291,12 +29749,16 @@
EXACT: @@ -29461,6 +29923,10 @@
EXACT: @@ -29511,9 +29977,12 @@
EXACT: @@ -29548,11 +30017,19 @@
EXACT: @@ -29723,10 +30200,15 @@
FAILURE: @@ -29736,14 +30218,21 @@
EXACT: @@ -29785,6 +30274,10 @@
OFFSET: @@ -30511,7 +31004,7 @@ offset 1 lines
EXACT: @@ -30534,17 +31027,19 @@
EXACT: @@ -30561,7 +31056,7 @@
EXACT: @@ -30582,6 +31077,7 @@
EXACT: @@ -30589,6 +31085,7 @@
EXACT: @@ -30635,10 +31132,10 @@
EXACT: @@ -30676,7 +31173,7 @@
EXACT: @@ -30711,9 +31208,22 @@
EXACT: @@ -30757,11 +31267,17 @@
EXACT: @@ -30819,13 +31335,23 @@
EXACT: @@ -30874,13 +31400,15 @@
EXACT: @@ -30962,7 +31490,7 @@
EXACT: @@ -31007,7 +31535,8 @@
EXACT: @@ -31324,7 +31853,7 @@
EXACT: @@ -31428,7 +31957,7 @@
EXACT: @@ -31453,6 +31982,8 @@
EXACT: @@ -31489,7 +32020,7 @@
EXACT: @@ -31618,6 +32149,11 @@
EXACT: @@ -31854,8 +32390,11 @@
EXACT: @@ -32033,6 +32572,8 @@
EXACT: @@ -32078,7 +32619,7 @@
EXACT: @@ -32254,14 +32795,14 @@
EXACT: @@ -32281,10 +32822,11 @@
EXACT: @@ -33621,7 +34163,9 @@
EXACT: @@ -33926,6 +34470,8 @@
EXACT: @@ -33972,7 +34518,8 @@
EXACT: @@ -34411,6 +34958,11 @@
EXACT: @@ -35152,10 +35704,18 @@
EXACT: @@ -35193,7 +35753,8 @@
EXACT: @@ -35207,7 +35768,8 @@
EXACT: @@ -35229,7 +35791,8 @@
EXACT: @@ -35250,7 +35813,8 @@
EXACT: @@ -35275,7 +35839,8 @@
EXACT: @@ -35300,7 +35865,8 @@
EXACT: @@ -35319,14 +35885,16 @@
EXACT: @@ -35334,7 +35902,8 @@
EXACT: @@ -35372,15 +35941,17 @@
EXACT: @@ -35395,27 +35966,33 @@
EXACT: @@ -35433,14 +36010,17 @@
EXACT: @@ -35448,8 +36028,9 @@
EXACT: @@ -35485,8 +36066,11 @@
EXACT: @@ -35505,8 +36089,8 @@
EXACT: @@ -36443,8 +37027,10 @@
EXACT: @@ -36494,13 +37080,14 @@
EXACT: @@ -36559,8 +37146,21 @@
EXACT: @@ -36597,7 +37197,7 @@
EXACT: @@ -36735,7 +37335,7 @@
EXACT: @@ -36833,17 +37433,22 @@
EXACT: @@ -36851,8 +37456,7 @@
EXACT: @@ -36873,7 +37477,10 @@
EXACT: @@ -36934,6 +37541,10 @@
EXACT: @@ -36954,16 +37565,23 @@
EXACT: @@ -36978,13 +37596,23 @@
EXACT: @@ -36992,9 +37620,21 @@
EXACT: @@ -37052,7 +37692,9 @@
EXACT: @@ -37071,6 +37713,7 @@
EXACT: @@ -37699,6 +38342,7 @@
EXACT: @@ -37754,6 +38398,13 @@
EXACT: @@ -37832,6 +38483,7 @@
EXACT: @@ -37902,6 +38554,11 @@
EXACT: @@ -38075,7 +38732,8 @@
EXACT: @@ -38083,7 +38741,8 @@
EXACT: @@ -38787,7 +39446,12 @@
EXACT: @@ -39310,6 +39974,7 @@
EXACT: @@ -39407,6 +40072,7 @@
EXACT: @@ -39534,6 +40200,21 @@
EXACT: @@ -39548,7 +40229,11 @@
EXACT: @@ -39577,7 +40262,47 @@
EXACT: @@ -39674,6 +40399,10 @@
EXACT: @@ -40143,9 +40872,16 @@
EXACT: @@ -40159,6 +40895,10 @@
EXACT: @@ -40185,6 +40925,16 @@
EXACT: @@ -40390,6 +41140,7 @@
EXACT: @@ -42611,8 +43362,22 @@
EXACT: @@ -42724,7 +43489,7 @@
EXACT: @@ -43113,6 +43878,7 @@
EXACT: @@ -43126,6 +43892,7 @@
EXACT: @@ -43291,6 +44058,7 @@
EXACT: @@ -43323,6 +44091,11 @@
EXACT: @@ -44027,6 +44800,10 @@
EXACT: @@ -44058,6 +44835,7 @@
EXACT: @@ -44083,9 +44861,12 @@
EXACT: @@ -45247,8 +46028,8 @@
EXACT: @@ -45400,7 +46181,9 @@
EXACT: @@ -45618,12 +46401,12 @@
EXACT: @@ -45638,7 +46421,7 @@
EXACT: @@ -45668,7 +46451,7 @@
EXACT: @@ -45875,6 +46658,10 @@
EXACT: @@ -46039,6 +46826,7 @@
EXACT: @@ -46109,6 +46897,8 @@
EXACT: @@ -47299,7 +48089,7 @@
EXACT: @@ -47364,6 +48154,7 @@
EXACT: @@ -47372,7 +48163,13 @@
EXACT: @@ -47501,19 +48298,22 @@
EXACT: @@ -47608,10 +48408,13 @@
EXACT: @@ -47678,13 +48481,16 @@
EXACT: @@ -47771,7 +48577,7 @@
EXACT: @@ -47870,6 +48676,7 @@
EXACT: @@ -47941,7 +48748,7 @@
EXACT: @@ -48066,6 +48873,21 @@
EXACT: @@ -48244,6 +49066,7 @@
EXACT: @@ -48269,8 +49092,10 @@
EXACT: @@ -48288,8 +49113,10 @@
EXACT: @@ -48307,8 +49134,10 @@
EXACT: @@ -48326,8 +49155,32 @@
EXACT: @@ -48374,16 +49227,26 @@
EXACT: @@ -48457,7 +49320,11 @@
EXACT: @@ -48466,7 +49333,6 @@
EXACT: @@ -48551,7 +49417,7 @@
EXACT: @@ -48577,6 +49443,8 @@
OFFSET: @@ -49325,6 +50193,8 @@ offset 4 lines
EXACT: @@ -49410,6 +50280,10 @@
EXACT: @@ -49418,7 +50292,12 @@
EXACT: @@ -49436,12 +50315,18 @@
EXACT: @@ -49451,6 +50336,12 @@
EXACT: @@ -49510,6 +50401,13 @@
EXACT: @@ -49542,9 +50440,14 @@
EXACT: @@ -49750,6 +50653,11 @@
EXACT: @@ -49760,12 +50668,20 @@
EXACT: @@ -49877,7 +50793,7 @@
EXACT: @@ -49889,12 +50805,12 @@
EXACT: @@ -49905,31 +50821,30 @@
EXACT: @@ -50010,10 +50925,15 @@
EXACT: @@ -50374,6 +51294,11 @@
EXACT: @@ -50390,7 +51315,7 @@
EXACT: @@ -50405,7 +51330,7 @@
EXACT: @@ -50536,6 +51461,7 @@
EXACT: @@ -50559,6 +51485,7 @@
EXACT: @@ -50787,6 +51714,9 @@
EXACT: @@ -50896,7 +51826,8 @@
EXACT: @@ -50941,7 +51872,11 @@
EXACT: @@ -50995,6 +51930,7 @@
EXACT: @@ -51004,7 +51940,9 @@
src/Terraria/Terraria/Wiring.cs,	exact: 15,	offset: 0,	fuzzy: 0,	failed: 41
EXACT: @@ -7,6 +7,7 @@
EXACT: @@ -15,28 +16,28 @@
EXACT: @@ -299,7 +300,7 @@
EXACT: @@ -363,7 +364,7 @@
EXACT: @@ -788,6 +789,9 @@
EXACT: @@ -1117,14 +1121,14 @@
EXACT: @@ -1212,7 +1216,7 @@
EXACT: @@ -1595,6 +1599,7 @@
EXACT: @@ -1983,14 +1988,18 @@
EXACT: @@ -1999,6 +2008,7 @@
EXACT: @@ -2008,14 +2018,18 @@
EXACT: @@ -2024,6 +2038,7 @@
EXACT: @@ -2105,6 +2120,8 @@
EXACT: @@ -2409,7 +2426,7 @@
EXACT: @@ -2426,7 +2443,7 @@
src/Terraria/Terraria/WaterfallManager.cs,	exact: 8,	offset: 0,	fuzzy: 0,	failed: 41
EXACT: @@ -4,6 +4,7 @@
EXACT: @@ -20,12 +21,12 @@
EXACT: @@ -208,7 +209,7 @@
EXACT: @@ -357,6 +358,7 @@
EXACT: @@ -422,6 +424,8 @@
EXACT: @@ -531,6 +535,9 @@
EXACT: @@ -586,6 +593,9 @@
EXACT: @@ -841,6 +851,8 @@
src/Terraria/ReLogic/Content/IAsset.cs,	exact: 1,	offset: 0,	fuzzy: 0,	failed: 41
EXACT: @@ -24,5 +24,7 @@
src/Terraria/ReLogic/Content/AssetRepository.cs,	exact: 6,	offset: 0,	fuzzy: 0,	failed: 41
EXACT: @@ -1,89 +1,194 @@
EXACT: @@ -93,7 +198,7 @@
EXACT: @@ -101,79 +206,132 @@
EXACT: @@ -183,11 +341,17 @@
EXACT: @@ -199,7 +363,6 @@
EXACT: @@ -209,6 +372,11 @@
src/Terraria/ReLogic/OS/IWindowService.cs,	exact: 2,	offset: 0,	fuzzy: 0,	failed: 41
EXACT: @@ -1,4 +1,5 @@
EXACT: @@ -13,5 +14,12 @@
src/Terraria/ReLogic/Content/AssetReaderCollection.cs,	exact: 1,	offset: 0,	fuzzy: 0,	failed: 41
EXACT: @@ -1,26 +1,23 @@
src/Terraria/Terraria/Achievements/AchievementCondition.cs,	exact: 2,	offset: 0,	fuzzy: 0,	failed: 41
EXACT: @@ -1,5 +1,6 @@
EXACT: @@ -30,6 +31,8 @@
src/Terraria/Terraria/Achievements/AchievementManager.cs,	exact: 3,	offset: 0,	fuzzy: 0,	failed: 41
EXACT: @@ -7,6 +7,8 @@
EXACT: @@ -51,6 +53,7 @@
EXACT: @@ -76,10 +79,13 @@
src/Terraria/ReLogic/Content/IAssetRepository.cs,	exact: 2,	offset: 0,	fuzzy: 0,	failed: 41
EXACT: @@ -1,6 +1,7 @@
EXACT: @@ -25,8 +26,14 @@
src/Terraria/ReLogic/Content/RejectedAssetCollection.cs,	exact: 1,	offset: 0,	fuzzy: 0,	failed: 41
EXACT: @@ -7,18 +7,28 @@
src/Terraria/ReLogic/Content/Asset.cs,	exact: 6,	offset: 0,	fuzzy: 0,	failed: 41
EXACT: @@ -1,5 +1,7 @@
EXACT: @@ -7,6 +9,10 @@
EXACT: @@ -29,10 +35,12 @@
EXACT: @@ -44,9 +52,9 @@
EXACT: @@ -54,13 +62,11 @@
EXACT: @@ -71,12 +77,12 @@
src/Terraria/Terraria/Chat/ChatCommandId.cs,	exact: 1,	offset: 0,	fuzzy: 0,	failed: 41
EXACT: @@ -7,7 +7,7 @@
src/Terraria/Terraria/DataStructures/NPCDebuffImmunityData.cs,	exact: 1,	offset: 0,	fuzzy: 0,	failed: 42
EXACT: @@ -1,4 +1,5 @@
FAILURE: @@ -10,7 +11,7 @@
src/Terraria/Terraria/DataStructures/PlayerDrawHeadLayers.cs,	exact: 2,	offset: 0,	fuzzy: 0,	failed: 42
EXACT: @@ -8,6 +8,11 @@
EXACT: @@ -332,4 +337,5 @@
src/Terraria/Terraria/Audio/LegacyAudioSystem.cs,	exact: 5,	offset: 0,	fuzzy: 0,	failed: 42
EXACT: @@ -4,6 +4,7 @@
EXACT: @@ -68,17 +69,19 @@
EXACT: @@ -98,10 +101,12 @@
EXACT: @@ -115,6 +120,8 @@
EXACT: @@ -244,7 +251,7 @@
src/Terraria/Terraria/DataStructures/DrawData.cs,	exact: 3,	offset: 0,	fuzzy: 0,	failed: 42
EXACT: @@ -91,7 +91,7 @@
EXACT: @@ -106,7 +106,7 @@
EXACT: @@ -121,7 +121,7 @@
src/Terraria/Terraria/Audio/SoundEngine.cs,	exact: 2,	offset: 0,	fuzzy: 0,	failed: 42
EXACT: @@ -20,6 +20,8 @@
EXACT: @@ -324,7 +326,7 @@
src/Terraria/Terraria/Audio/LegacySoundPlayer.cs,	exact: 3,	offset: 0,	fuzzy: 0,	failed: 42
EXACT: @@ -6,6 +6,7 @@
EXACT: @@ -41,8 +42,8 @@
EXACT: @@ -1036,6 +1037,18 @@
src/Terraria/Terraria/DataStructures/PlayerDeathReason.cs,	exact: 2,	offset: 0,	fuzzy: 0,	failed: 42
EXACT: @@ -14,6 +14,14 @@
EXACT: @@ -21,6 +29,7 @@
src/Terraria/Terraria/DataStructures/PlayerDrawHeadSet.cs,	exact: 6,	offset: 0,	fuzzy: 0,	failed: 42
EXACT: @@ -5,9 +5,12 @@
EXACT: @@ -48,12 +51,15 @@
EXACT: @@ -64,9 +70,9 @@
EXACT: @@ -82,7 +88,7 @@
EXACT: @@ -93,14 +99,23 @@
EXACT: @@ -120,13 +135,15 @@
src/Terraria/Terraria/DataStructures/PlayerDrawSet.cs,	exact: 10,	offset: 0,	fuzzy: 0,	failed: 42
EXACT: @@ -5,10 +5,11 @@
EXACT: @@ -19,8 +20,19 @@
EXACT: @@ -129,6 +141,8 @@
EXACT: @@ -209,10 +223,13 @@
EXACT: @@ -220,14 +237,21 @@
EXACT: @@ -539,6 +563,11 @@
EXACT: @@ -1054,8 +1083,10 @@
EXACT: @@ -1306,8 +1337,13 @@
EXACT: @@ -1322,9 +1358,17 @@
EXACT: @@ -1341,9 +1385,9 @@
src/Terraria/Terraria/DataStructures/PlayerFishingConditions.cs,	exact: 1,	offset: 0,	fuzzy: 0,	failed: 42
EXACT: @@ -2,11 +2,14 @@
src/Terraria/Terraria/DataStructures/TileEntitiesManager.cs,	exact: 1,	offset: 0,	fuzzy: 0,	failed: 42
EXACT: @@ -3,7 +3,7 @@
src/Terraria/Terraria/DataStructures/PlayerDrawLayers.cs,	exact: 40,	offset: 0,	fuzzy: 0,	failed: 42
EXACT: @@ -8,11 +8,12 @@
EXACT: @@ -218,7 +219,7 @@
EXACT: @@ -273,6 +274,10 @@
EXACT: @@ -348,7 +353,7 @@
EXACT: @@ -436,10 +441,10 @@
EXACT: @@ -791,7 +796,7 @@
EXACT: @@ -820,7 +825,7 @@
EXACT: @@ -866,7 +871,7 @@
EXACT: @@ -877,7 +882,7 @@
EXACT: @@ -887,7 +892,10 @@
EXACT: @@ -902,13 +910,18 @@
EXACT: @@ -947,7 +960,7 @@
EXACT: @@ -979,7 +992,7 @@
EXACT: @@ -1056,7 +1069,7 @@
EXACT: @@ -1079,7 +1092,7 @@
EXACT: @@ -1118,7 +1131,7 @@
EXACT: @@ -1251,7 +1264,7 @@
EXACT: @@ -1267,6 +1280,10 @@
EXACT: @@ -1291,7 +1308,7 @@
EXACT: @@ -1389,7 +1406,7 @@
EXACT: @@ -1449,7 +1466,7 @@
EXACT: @@ -1477,7 +1494,7 @@
EXACT: @@ -1485,7 +1502,7 @@
EXACT: @@ -1497,7 +1514,7 @@
EXACT: @@ -1529,7 +1546,7 @@
EXACT: @@ -1549,7 +1566,7 @@
EXACT: @@ -1617,13 +1634,13 @@
EXACT: @@ -1749,7 +1766,7 @@
EXACT: @@ -1804,7 +1821,11 @@
EXACT: @@ -1858,9 +1879,11 @@
EXACT: @@ -1931,7 +1954,7 @@
EXACT: @@ -2096,7 +2119,7 @@
EXACT: @@ -2385,7 +2408,10 @@
EXACT: @@ -2505,7 +2531,7 @@
EXACT: @@ -2581,7 +2607,7 @@
EXACT: @@ -2672,7 +2698,7 @@
EXACT: @@ -2683,7 +2709,7 @@
EXACT: @@ -2715,7 +2741,7 @@
EXACT: @@ -2724,7 +2750,7 @@
EXACT: @@ -2740,7 +2766,7 @@
src/Terraria/Terraria/WorldGen.cs,	exact: 174,	offset: 3,	fuzzy: 0,	failed: 43
EXACT: @@ -24,6 +24,8 @@
EXACT: @@ -695,7 +697,13 @@
FAILURE: @@ -927,6 +935,7 @@
OFFSET: @@ -1217,7 +1226,7 @@ offset 1 lines
EXACT: @@ -1257,7 +1266,7 @@
EXACT: @@ -1283,6 +1292,8 @@
EXACT: @@ -1813,7 +1824,7 @@
EXACT: @@ -1964,7 +1975,7 @@
EXACT: @@ -2037,6 +2048,8 @@
EXACT: @@ -2306,10 +2319,20 @@
EXACT: @@ -2394,6 +2417,11 @@
EXACT: @@ -2476,13 +2504,20 @@
EXACT: @@ -2490,7 +2525,14 @@
EXACT: @@ -2517,6 +2559,12 @@
EXACT: @@ -2548,6 +2596,7 @@
EXACT: @@ -5594,6 +5643,8 @@
EXACT: @@ -5643,17 +5694,18 @@
EXACT: @@ -5705,6 +5757,9 @@
EXACT: @@ -8376,7 +8431,7 @@
EXACT: @@ -11522,7 +11577,7 @@
EXACT: @@ -11715,7 +11770,7 @@
EXACT: @@ -11733,6 +11788,7 @@
EXACT: @@ -11755,6 +11811,7 @@
EXACT: @@ -11777,6 +11834,7 @@
EXACT: @@ -11789,6 +11847,7 @@
EXACT: @@ -11803,6 +11862,7 @@
EXACT: @@ -11816,9 +11876,11 @@
EXACT: @@ -11839,6 +11901,7 @@
EXACT: @@ -11858,6 +11921,7 @@
EXACT: @@ -12219,11 +12283,18 @@
EXACT: @@ -12507,7 +12578,7 @@
EXACT: @@ -13153,7 +13224,7 @@
EXACT: @@ -13213,10 +13284,10 @@
EXACT: @@ -13443,10 +13514,10 @@
EXACT: @@ -15184,6 +15255,14 @@
EXACT: @@ -15436,13 +15515,13 @@
EXACT: @@ -16590,10 +16669,10 @@
EXACT: @@ -16886,6 +16965,7 @@
EXACT: @@ -16909,6 +16989,10 @@
EXACT: @@ -16926,6 +17010,7 @@
EXACT: @@ -16958,8 +17043,15 @@
EXACT: @@ -16989,13 +17081,23 @@
EXACT: @@ -17040,7 +17142,7 @@
EXACT: @@ -17087,13 +17189,14 @@
EXACT: @@ -17257,7 +17360,7 @@
EXACT: @@ -23738,7 +23841,7 @@
EXACT: @@ -23803,8 +23906,9 @@
EXACT: @@ -23812,7 +23916,7 @@
EXACT: @@ -23820,7 +23924,7 @@
EXACT: @@ -23828,7 +23932,7 @@
EXACT: @@ -23836,7 +23940,7 @@
EXACT: @@ -23844,7 +23948,7 @@
EXACT: @@ -23905,6 +24009,9 @@
EXACT: @@ -24014,6 +24121,7 @@
EXACT: @@ -24110,6 +24218,9 @@
EXACT: @@ -24377,6 +24488,7 @@
EXACT: @@ -25283,7 +25395,8 @@
EXACT: @@ -25601,7 +25714,9 @@
EXACT: @@ -25638,12 +25753,16 @@
EXACT: @@ -25661,6 +25780,9 @@
EXACT: @@ -25716,6 +25838,7 @@
EXACT: @@ -25852,6 +25975,9 @@
EXACT: @@ -25890,6 +26016,7 @@
EXACT: @@ -27420,6 +27547,9 @@
EXACT: @@ -27457,6 +27587,7 @@
EXACT: @@ -27626,7 +27757,10 @@
EXACT: @@ -27731,7 +27865,10 @@
EXACT: @@ -27783,7 +27920,10 @@
EXACT: @@ -27798,7 +27938,7 @@
EXACT: @@ -27884,6 +28024,9 @@
EXACT: @@ -28030,6 +28173,7 @@
EXACT: @@ -28161,6 +28305,9 @@
EXACT: @@ -28384,6 +28531,7 @@
EXACT: @@ -28478,6 +28626,8 @@
EXACT: @@ -28682,6 +28832,7 @@
EXACT: @@ -28998,6 +29149,8 @@
EXACT: @@ -29018,6 +29171,7 @@
EXACT: @@ -29311,7 +29465,9 @@
EXACT: @@ -29377,7 +29533,7 @@
EXACT: @@ -29731,7 +29887,7 @@
EXACT: @@ -29766,6 +29922,9 @@
EXACT: @@ -29805,7 +29964,7 @@
EXACT: @@ -29999,7 +30158,7 @@
EXACT: @@ -30011,7 +30170,7 @@
EXACT: @@ -30171,6 +30330,9 @@
EXACT: @@ -30613,6 +30775,7 @@
EXACT: @@ -30742,15 +30905,23 @@
EXACT: @@ -30897,9 +31068,11 @@
EXACT: @@ -30947,12 +31120,16 @@
EXACT: @@ -30998,6 +31175,9 @@
EXACT: @@ -31103,6 +31283,7 @@
EXACT: @@ -31427,6 +31608,9 @@
EXACT: @@ -31442,6 +31626,7 @@
EXACT: @@ -31543,7 +31728,8 @@
EXACT: @@ -31705,6 +31891,9 @@
EXACT: @@ -31830,6 +32019,7 @@
EXACT: @@ -31955,8 +32145,10 @@
EXACT: @@ -32131,7 +32323,9 @@
EXACT: @@ -32184,7 +32378,9 @@
EXACT: @@ -32527,7 +32723,7 @@
EXACT: @@ -32704,6 +32900,9 @@
EXACT: @@ -32912,6 +33111,7 @@
EXACT: @@ -33275,6 +33475,8 @@
EXACT: @@ -33477,6 +33679,7 @@
EXACT: @@ -33548,6 +33751,9 @@
EXACT: @@ -33643,6 +33849,7 @@
EXACT: @@ -34243,7 +34450,7 @@
EXACT: @@ -34254,7 +34461,7 @@
EXACT: @@ -34315,7 +34522,7 @@
EXACT: @@ -34443,6 +34650,9 @@
EXACT: @@ -34826,6 +35036,9 @@
EXACT: @@ -35120,7 +35333,7 @@
EXACT: @@ -35206,8 +35419,10 @@
EXACT: @@ -35295,7 +35510,7 @@
EXACT: @@ -35715,7 +35930,7 @@
EXACT: @@ -35733,7 +35948,7 @@
EXACT: @@ -35901,6 +36116,10 @@
EXACT: @@ -36409,6 +36628,7 @@
EXACT: @@ -36437,6 +36657,9 @@
EXACT: @@ -37547,8 +37770,10 @@
EXACT: @@ -37626,7 +37851,7 @@
EXACT: @@ -37878,7 +38103,7 @@
EXACT: @@ -38013,7 +38238,7 @@
EXACT: @@ -38034,13 +38259,15 @@
EXACT: @@ -38235,6 +38462,9 @@
EXACT: @@ -38298,11 +38528,13 @@
EXACT: @@ -38316,7 +38548,7 @@
EXACT: @@ -38331,6 +38563,9 @@
EXACT: @@ -38341,7 +38576,8 @@
EXACT: @@ -38905,7 +39141,7 @@
EXACT: @@ -39466,6 +39702,9 @@
EXACT: @@ -39546,6 +39785,9 @@
EXACT: @@ -39559,7 +39801,9 @@
EXACT: @@ -39605,10 +39849,11 @@
EXACT: @@ -39732,7 +39977,7 @@
EXACT: @@ -39751,7 +39996,7 @@
EXACT: @@ -39783,7 +40028,7 @@
EXACT: @@ -39885,7 +40130,7 @@
EXACT: @@ -39894,7 +40139,7 @@
EXACT: @@ -40508,6 +40753,8 @@
EXACT: @@ -40515,8 +40762,9 @@
EXACT: @@ -40649,7 +40897,7 @@
OFFSET: @@ -40823,6 +41071,9 @@ offset 8 lines
EXACT: @@ -42728,7 +42979,7 @@
EXACT: @@ -42775,6 +43026,8 @@
EXACT: @@ -42847,6 +43100,7 @@
EXACT: @@ -42895,6 +43149,10 @@
EXACT: @@ -43018,7 +43276,14 @@
EXACT: @@ -44056,8 +44321,11 @@
EXACT: @@ -44076,8 +44344,11 @@
EXACT: @@ -44686,7 +44957,7 @@
EXACT: @@ -44777,6 +45048,10 @@
EXACT: @@ -46399,6 +46674,13 @@
EXACT: @@ -46430,7 +46712,7 @@
EXACT: @@ -46475,8 +46757,9 @@
EXACT: @@ -46507,10 +46790,11 @@
EXACT: @@ -46518,6 +46802,8 @@
EXACT: @@ -47222,6 +47508,8 @@
EXACT: @@ -52339,6 +52627,8 @@
EXACT: @@ -52502,7 +52792,7 @@
EXACT: @@ -52787,7 +53077,10 @@
EXACT: @@ -52811,7 +53104,7 @@
EXACT: @@ -53311,7 +53604,7 @@
EXACT: @@ -53381,7 +53674,7 @@
EXACT: @@ -53639,6 +53932,7 @@
EXACT: @@ -53842,13 +54136,10 @@
EXACT: @@ -53856,7 +54147,7 @@
EXACT: @@ -53867,14 +54158,14 @@
EXACT: @@ -53889,7 +54180,7 @@
EXACT: @@ -54038,7 +54329,7 @@
EXACT: @@ -54049,7 +54340,7 @@
EXACT: @@ -54060,7 +54351,7 @@
EXACT: @@ -54180,16 +54471,14 @@
EXACT: @@ -54221,14 +54510,10 @@
EXACT: @@ -54331,11 +54616,11 @@
EXACT: @@ -55766,7 +56051,7 @@
EXACT: @@ -56315,7 +56600,7 @@
OFFSET: @@ -57205,7 +57490,7 @@ offset 2 lines
src/Terraria/Terraria/DataStructures/Point16.cs,	exact: 1,	offset: 0,	fuzzy: 0,	failed: 43
EXACT: @@ -24,9 +24,38 @@
src/Terraria/Terraria/GameContent/PlayerHeadDrawRenderTargetContent.cs,	exact: 3,	offset: 0,	fuzzy: 0,	failed: 43
EXACT: @@ -1,3 +1,4 @@
EXACT: @@ -17,6 +18,7 @@
EXACT: @@ -32,6 +34,9 @@
src/Terraria/Terraria/GameContent/AssetSourceController.cs,	exact: 2,	offset: 0,	fuzzy: 0,	failed: 43
EXACT: @@ -11,6 +11,8 @@
EXACT: @@ -46,7 +48,7 @@
src/Terraria/Terraria/GameContent/ChildSafety.cs,	exact: 1,	offset: 0,	fuzzy: 0,	failed: 43
EXACT: @@ -6,8 +6,8 @@
src/Terraria/Terraria/GameContent/DoorOpeningHelper.cs,	exact: 5,	offset: 0,	fuzzy: 0,	failed: 43
EXACT: @@ -2,6 +2,8 @@
EXACT: @@ -84,13 +86,13 @@
EXACT: @@ -100,9 +102,8 @@
EXACT: @@ -196,7 +197,7 @@
EXACT: @@ -315,11 +316,12 @@
src/Terraria/Terraria/DataStructures/TitleLinkButton.cs,	exact: 1,	offset: 0,	fuzzy: 0,	failed: 43
EXACT: @@ -66,7 +66,7 @@
src/Terraria/Terraria/DataStructures/TileEntity.cs,	exact: 4,	offset: 0,	fuzzy: 0,	failed: 43
EXACT: @@ -4,10 +4,11 @@
EXACT: @@ -22,6 +23,9 @@
EXACT: @@ -43,6 +47,7 @@
EXACT: @@ -53,34 +58,58 @@
src/Terraria/Terraria/GameContent/ShopHelper.cs,	exact: 3,	offset: 0,	fuzzy: 0,	failed: 43
EXACT: @@ -3,6 +3,7 @@
EXACT: @@ -118,7 +119,7 @@
EXACT: @@ -182,7 +183,13 @@
src/Terraria/Terraria/GameContent/TeleportPylonsSystem.cs,	exact: 1,	offset: 0,	fuzzy: 0,	failed: 43
EXACT: @@ -16,7 +16,7 @@
src/Terraria/Terraria/GameContent/TownRoomManager.cs,	exact: 2,	offset: 0,	fuzzy: 0,	failed: 43
EXACT: @@ -3,14 +3,15 @@
EXACT: @@ -73,8 +74,16 @@
src/Terraria/Terraria/GameContent/SmartCursorHelper.cs,	exact: 2,	offset: 0,	fuzzy: 0,	failed: 43
EXACT: @@ -201,7 +201,8 @@
EXACT: @@ -2149,7 +2150,7 @@
src/Terraria/Terraria/GameContent/TilePaintSystemV2.cs,	exact: 4,	offset: 0,	fuzzy: 0,	failed: 43
EXACT: @@ -74,7 +74,7 @@
EXACT: @@ -88,7 +88,7 @@
EXACT: @@ -102,7 +102,8 @@
EXACT: @@ -116,7 +117,7 @@
src/Terraria/Terraria/GameInput/KeyConfiguration.cs,	exact: 3,	offset: 0,	fuzzy: 0,	failed: 43
EXACT: @@ -1,11 +1,14 @@
EXACT: @@ -21,6 +24,10 @@
EXACT: @@ -41,22 +48,24 @@
src/Terraria/Terraria/GameInput/TriggerNames.cs,	exact: 1,	offset: 0,	fuzzy: 0,	failed: 43
EXACT: @@ -4,6 +4,9 @@
src/Terraria/Terraria/GameInput/PlayerInputProfile.cs,	exact: 2,	offset: 0,	fuzzy: 0,	failed: 43
EXACT: @@ -3,10 +3,12 @@
EXACT: @@ -185,9 +187,12 @@
src/Terraria/Terraria/GameInput/TriggersSet.cs,	exact: 4,	offset: 0,	fuzzy: 0,	failed: 43
EXACT: @@ -1,6 +1,7 @@
EXACT: @@ -29,6 +30,33 @@
EXACT: @@ -505,6 +533,10 @@
EXACT: @@ -567,6 +599,8 @@
src/Terraria/Terraria/ID/BuffID.cs,	exact: 1,	offset: 0,	fuzzy: 0,	failed: 44
EXACT: @@ -1,5 +1,8 @@
FAILURE: @@ -12,7 +15,7 @@
src/Terraria/Terraria/ID/ArmorIDs.cs,	exact: 14,	offset: 0,	fuzzy: 0,	failed: 44
EXACT: @@ -1,15 +1,16 @@
EXACT: @@ -295,9 +296,9 @@
EXACT: @@ -314,13 +315,14 @@
EXACT: @@ -563,11 +565,11 @@
EXACT: @@ -785,12 +787,13 @@
EXACT: @@ -821,12 +824,13 @@
EXACT: @@ -848,11 +852,11 @@
EXACT: @@ -894,11 +898,11 @@
EXACT: @@ -916,11 +920,11 @@
EXACT: @@ -954,11 +958,11 @@
EXACT: @@ -983,9 +987,9 @@
EXACT: @@ -1069,11 +1073,11 @@
EXACT: @@ -1104,11 +1108,11 @@
EXACT: @@ -1147,7 +1151,7 @@
src/Terraria/Terraria/ID/Colors.cs,	exact: 1,	offset: 0,	fuzzy: 0,	failed: 44
EXACT: @@ -2,7 +2,7 @@
src/Terraria/Terraria/ID/ContentSamples.cs,	exact: 5,	offset: 0,	fuzzy: 0,	failed: 45
EXACT: @@ -1,7 +1,10 @@
EXACT: @@ -92,6 +95,7 @@
EXACT: @@ -634,7 +638,7 @@
EXACT: @@ -722,11 +726,13 @@
FAILURE: @@ -738,14 +744,14 @@
EXACT: @@ -904,7 +910,7 @@
src/Terraria/Terraria/ID/DustID.cs,	exact: 1,	offset: 0,	fuzzy: 0,	failed: 45
EXACT: @@ -1,6 +1,6 @@
src/Terraria/Terraria/ID/GoreID.cs,	exact: 1,	offset: 0,	fuzzy: 0,	failed: 45
EXACT: @@ -1,10 +1,12 @@
src/Terraria/Terraria/GameInput/PlayerInput.cs,	exact: 17,	offset: 0,	fuzzy: 0,	failed: 45
EXACT: @@ -8,13 +8,14 @@
EXACT: @@ -26,6 +27,9 @@
EXACT: @@ -316,9 +320,21 @@
EXACT: @@ -366,7 +382,9 @@
EXACT: @@ -496,6 +514,9 @@
EXACT: @@ -526,6 +547,9 @@
EXACT: @@ -716,6 +740,8 @@
EXACT: @@ -993,6 +1019,8 @@
EXACT: @@ -1177,7 +1205,7 @@
EXACT: @@ -1419,6 +1447,9 @@
EXACT: @@ -1456,6 +1487,9 @@
EXACT: @@ -1527,6 +1561,9 @@
EXACT: @@ -1564,6 +1601,9 @@
EXACT: @@ -1634,6 +1674,9 @@
EXACT: @@ -1671,6 +1714,9 @@
EXACT: @@ -1741,6 +1787,9 @@
EXACT: @@ -1778,6 +1827,9 @@
src/Terraria/Terraria/ID/MessageID.cs,	exact: 4,	offset: 0,	fuzzy: 0,	failed: 45
EXACT: @@ -1,83 +1,335 @@
EXACT: @@ -91,20 +343,33 @@
EXACT: @@ -112,7 +377,7 @@
EXACT: @@ -153,5 +418,28 @@
src/Terraria/Terraria/ID/ItemID.cs,	exact: 3,	offset: 0,	fuzzy: 0,	failed: 45
EXACT: @@ -2,10 +2,11 @@
EXACT: @@ -33,9 +34,9 @@
EXACT: @@ -918,10 +919,14 @@
src/Terraria/Terraria/ID/NPCHeadID.cs,	exact: 1,	offset: 0,	fuzzy: 0,	failed: 45
EXACT: @@ -1,10 +1,12 @@
src/Terraria/Terraria/ID/PrefixID.cs,	exact: 2,	offset: 0,	fuzzy: 0,	failed: 45
EXACT: @@ -1,3 +1,5 @@
EXACT: @@ -87,5 +89,6 @@
src/Terraria/Terraria/Graphics/TileBatch.cs,	exact: 1,	offset: 0,	fuzzy: 0,	failed: 45
EXACT: @@ -606,7 +606,7 @@
src/Terraria/Terraria/ID/ProjectileID.cs,	exact: 1,	offset: 0,	fuzzy: 0,	failed: 46
EXACT: @@ -1,4 +1,6 @@
FAILURE: @@ -7,7 +9,7 @@
src/Terraria/Terraria/ID/RecipeGroupID.cs,	exact: 1,	offset: 0,	fuzzy: 0,	failed: 46
EXACT: @@ -15,5 +15,10 @@
src/Terraria/Terraria/ID/TileID.cs,	exact: 3,	offset: 0,	fuzzy: 0,	failed: 46
EXACT: @@ -1,10 +1,11 @@
EXACT: @@ -91,7 +92,7 @@
EXACT: @@ -186,7 +187,7 @@
src/Terraria/Terraria/ID/SoundID.cs,	exact: 3,	offset: 0,	fuzzy: 0,	failed: 46
EXACT: @@ -7,7 +7,7 @@
EXACT: @@ -209,6 +209,7 @@
EXACT: @@ -499,11 +500,11 @@
src/Terraria/Terraria/ID/NPCID.cs,	exact: 1,	offset: 1,	fuzzy: 0,	failed: 47
EXACT: @@ -3,12 +3,13 @@
FAILURE: @@ -61,7 +62,7 @@
OFFSET: @@ -3482,16 +3483,26 @@ offset 3 lines
src/Terraria/Terraria/Initializers/AssetInitializer.cs,	exact: 1,	offset: 1,	fuzzy: 0,	failed: 47
EXACT: @@ -11,21 +11,30 @@
OFFSET: @@ -592,6 +601,8 @@ offset 5 lines
src/Terraria/Terraria/ID/MountID.cs,	exact: 2,	offset: 0,	fuzzy: 0,	failed: 47
EXACT: @@ -1,10 +1,12 @@
EXACT: @@ -61,6 +63,6 @@
src/Terraria/Terraria/IO/PlayerFileData.cs,	exact: 5,	offset: 0,	fuzzy: 0,	failed: 47
EXACT: @@ -2,6 +2,8 @@
EXACT: @@ -13,6 +15,7 @@
EXACT: @@ -66,6 +69,7 @@
EXACT: @@ -90,6 +94,7 @@
EXACT: @@ -106,7 +111,7 @@
src/Terraria/Terraria/IO/WorldFileData.cs,	exact: 3,	offset: 0,	fuzzy: 0,	failed: 47
EXACT: @@ -4,6 +4,7 @@
EXACT: @@ -142,6 +143,7 @@
EXACT: @@ -154,6 +156,7 @@
src/Terraria/Terraria/Initializers/DyeInitializer.cs,	exact: 3,	offset: 0,	fuzzy: 0,	failed: 47
EXACT: @@ -4,6 +4,7 @@
EXACT: @@ -330,6 +331,8 @@
EXACT: @@ -449,7 +452,7 @@
src/Terraria/Terraria/Localization/LanguageManager.cs,	exact: 4,	offset: 0,	fuzzy: 0,	failed: 47
EXACT: @@ -12,6 +12,7 @@
EXACT: @@ -19,7 +20,7 @@
EXACT: @@ -96,6 +97,10 @@
EXACT: @@ -137,10 +142,13 @@
src/Terraria/Terraria/Localization/LocalizedText.cs,	exact: 3,	offset: 0,	fuzzy: 0,	failed: 47
EXACT: @@ -1,3 +1,4 @@
EXACT: @@ -8,10 +9,19 @@
EXACT: @@ -62,10 +72,73 @@
src/Terraria/Terraria/IO/ResourcePack.cs,	exact: 1,	offset: 0,	fuzzy: 0,	failed: 47
EXACT: @@ -108,7 +108,7 @@
src/Terraria/Terraria/IO/WorldFile.cs,	exact: 18,	offset: 3,	fuzzy: 0,	failed: 47
OFFSET: @@ -14,6 +14,9 @@ offset 1 lines
EXACT: @@ -28,7 +31,7 @@
EXACT: @@ -73,14 +76,14 @@
OFFSET: @@ -312,6 +315,7 @@ offset -3 lines
OFFSET: @@ -357,6 +361,8 @@ offset 1 lines
EXACT: @@ -515,6 +521,9 @@
EXACT: @@ -552,6 +561,7 @@
EXACT: @@ -615,18 +625,18 @@
EXACT: @@ -652,7 +662,7 @@
EXACT: @@ -723,7 +733,7 @@
EXACT: @@ -892,7 +902,11 @@
EXACT: @@ -975,7 +989,7 @@
EXACT: @@ -989,9 +1003,11 @@
EXACT: @@ -1006,7 +1022,7 @@
EXACT: @@ -1134,7 +1150,7 @@
EXACT: @@ -1148,7 +1164,7 @@
EXACT: @@ -1180,7 +1196,7 @@
EXACT: @@ -1200,7 +1216,7 @@
EXACT: @@ -1897,7 +1913,7 @@
EXACT: @@ -2187,6 +2203,7 @@
EXACT: @@ -2237,8 +2254,8 @@
src/Terraria/Terraria/ID/WallID.cs,	exact: 3,	offset: 0,	fuzzy: 0,	failed: 47
EXACT: @@ -1,3 +1,6 @@
EXACT: @@ -17,7 +20,7 @@
EXACT: @@ -343,5 +346,6 @@
src/Terraria/Terraria/Initializers/ChatInitializer.cs,	exact: 2,	offset: 0,	fuzzy: 0,	failed: 47
EXACT: @@ -6,6 +6,7 @@
EXACT: @@ -24,10 +25,12 @@
src/Terraria/Terraria/Initializers/WingStatsInitializer.cs,	exact: 1,	offset: 0,	fuzzy: 0,	failed: 47
EXACT: @@ -1,12 +1,13 @@
src/Terraria/Terraria/Initializers/LaunchInitializer.cs,	exact: 6,	offset: 0,	fuzzy: 0,	failed: 47
EXACT: @@ -1,6 +1,9 @@
EXACT: @@ -23,6 +26,10 @@
EXACT: @@ -38,6 +45,29 @@
EXACT: @@ -99,6 +129,16 @@
EXACT: @@ -107,6 +147,15 @@
EXACT: @@ -155,7 +204,7 @@
src/Terraria/Terraria/Initializers/UILinksInitializer.cs,	exact: 4,	offset: 0,	fuzzy: 0,	failed: 47
EXACT: @@ -6,6 +6,9 @@
EXACT: @@ -632,7 +635,7 @@
EXACT: @@ -642,7 +645,7 @@
EXACT: @@ -1584,6 +1587,13 @@
src/Terraria/Terraria/Map/WorldMap.cs,	exact: 3,	offset: 0,	fuzzy: 0,	failed: 47
EXACT: @@ -1,6 +1,7 @@
EXACT: @@ -81,6 +82,7 @@
EXACT: @@ -95,6 +97,7 @@
src/Terraria/Terraria/Map/MapHelper.cs,	exact: 7,	offset: 0,	fuzzy: 0,	failed: 47
EXACT: @@ -5,6 +5,8 @@
EXACT: @@ -110,7 +112,8 @@
EXACT: @@ -1438,6 +1441,7 @@
EXACT: @@ -1556,7 +1560,7 @@
EXACT: @@ -1627,7 +1631,9 @@
EXACT: @@ -2261,7 +2267,7 @@
EXACT: @@ -2405,7 +2411,9 @@
src/Terraria/Terraria/Net/NetManager.cs,	exact: 2,	offset: 0,	fuzzy: 0,	failed: 47
EXACT: @@ -1,5 +1,8 @@
EXACT: @@ -90,6 +93,7 @@
src/Terraria/Terraria/ObjectData/TileObjectData.cs,	exact: 11,	offset: 0,	fuzzy: 0,	failed: 47
EXACT: @@ -3,13 +3,14 @@
EXACT: @@ -34,34 +35,34 @@
EXACT: @@ -86,7 +87,7 @@
EXACT: @@ -530,7 +531,7 @@
EXACT: @@ -1339,6 +1340,18 @@
EXACT: @@ -1350,13 +1363,15 @@
EXACT: @@ -1364,6 +1379,8 @@
EXACT: @@ -1467,13 +1484,17 @@
EXACT: @@ -1495,7 +1516,7 @@
EXACT: @@ -4189,7 +4210,6 @@
EXACT: @@ -4343,6 +4363,68 @@
src/Terraria/Terraria/Properties/launchSettings.json,	exact: 1,	offset: 0,	fuzzy: 0,	failed: 47
EXACT: @@ -2,14 +2,27 @@
src/Terraria/Terraria/UI/IHaveBackButtonCommand.cs,	exact: 1,	offset: 0,	fuzzy: 0,	failed: 47
EXACT: @@ -1,7 +1,20 @@
src/Terraria/Terraria/UI/GameInterfaceLayer.cs,	exact: 1,	offset: 0,	fuzzy: 0,	failed: 47
EXACT: @@ -9,13 +9,18 @@
src/Terraria/Terraria/UI/ItemSorting.cs,	exact: 3,	offset: 0,	fuzzy: 0,	failed: 47
EXACT: @@ -2,6 +2,7 @@
EXACT: @@ -809,7 +810,7 @@
EXACT: @@ -831,14 +832,14 @@
src/Terraria/Terraria/UI/LegacyNetDiagnosticsUI.cs,	exact: 1,	offset: 0,	fuzzy: 0,	failed: 47
EXACT: @@ -12,7 +12,7 @@
src/Terraria/Terraria/UI/ItemSlot.cs,	exact: 46,	offset: 0,	fuzzy: 0,	failed: 47
EXACT: @@ -1,6 +1,7 @@
EXACT: @@ -10,12 +11,13 @@
EXACT: @@ -81,7 +83,7 @@
EXACT: @@ -372,13 +374,17 @@
EXACT: @@ -387,7 +393,7 @@
EXACT: @@ -463,13 +469,20 @@
EXACT: @@ -482,6 +495,9 @@
EXACT: @@ -522,6 +538,13 @@
EXACT: @@ -531,6 +554,9 @@
EXACT: @@ -557,6 +583,13 @@
EXACT: @@ -584,6 +617,9 @@
EXACT: @@ -612,6 +648,9 @@
EXACT: @@ -665,6 +704,9 @@
EXACT: @@ -684,20 +726,26 @@
EXACT: @@ -722,7 +770,7 @@
EXACT: @@ -731,7 +779,7 @@
EXACT: @@ -750,20 +798,22 @@
EXACT: @@ -900,7 +950,12 @@
EXACT: @@ -908,10 +963,11 @@
EXACT: @@ -1041,10 +1097,12 @@
EXACT: @@ -1054,10 +1112,12 @@
EXACT: @@ -1070,7 +1130,9 @@
EXACT: @@ -1134,7 +1196,9 @@
EXACT: @@ -1147,7 +1211,9 @@
EXACT: @@ -1160,7 +1226,9 @@
EXACT: @@ -1173,7 +1241,9 @@
EXACT: @@ -1203,11 +1273,15 @@
EXACT: @@ -1216,22 +1290,25 @@
EXACT: @@ -1255,6 +1332,7 @@
EXACT: @@ -1305,6 +1383,8 @@
EXACT: @@ -1317,13 +1397,12 @@
EXACT: @@ -1336,6 +1415,8 @@
EXACT: @@ -1385,6 +1466,23 @@
EXACT: @@ -1511,6 +1609,11 @@
EXACT: @@ -1631,6 +1734,15 @@
EXACT: @@ -1653,7 +1765,14 @@
EXACT: @@ -1671,6 +1790,9 @@
EXACT: @@ -1680,6 +1802,8 @@
EXACT: @@ -1750,7 +1874,7 @@
EXACT: @@ -1909,7 +2033,7 @@
EXACT: @@ -1940,7 +2064,9 @@
EXACT: @@ -1966,8 +2092,10 @@
EXACT: @@ -1982,9 +2110,14 @@
EXACT: @@ -2022,6 +2155,9 @@
EXACT: @@ -2059,6 +2195,8 @@
EXACT: @@ -2153,7 +2291,7 @@
src/Terraria/Terraria/UI/StyleDimension.cs,	exact: 1,	offset: 0,	fuzzy: 0,	failed: 47
EXACT: @@ -7,6 +7,11 @@
src/Terraria/Terraria/UI/IngameFancyUI.cs,	exact: 2,	offset: 0,	fuzzy: 0,	failed: 47
EXACT: @@ -4,7 +4,9 @@
EXACT: @@ -85,6 +87,9 @@
src/Terraria/Terraria/WorldBuilding/WorldGenerator.cs,	exact: 2,	offset: 0,	fuzzy: 0,	failed: 47
EXACT: @@ -1,14 +1,18 @@
EXACT: @@ -39,7 +43,23 @@
src/Terraria/Terraria/UI/ChestUI.cs,	exact: 2,	offset: 0,	fuzzy: 0,	failed: 47
EXACT: @@ -6,6 +6,8 @@
EXACT: @@ -105,6 +107,8 @@
src/Terraria/Terraria/UI/UserInterface.cs,	exact: 5,	offset: 0,	fuzzy: 0,	failed: 47
EXACT: @@ -17,10 +17,26 @@
EXACT: @@ -34,7 +50,9 @@
EXACT: @@ -59,14 +77,25 @@
EXACT: @@ -80,9 +109,14 @@
EXACT: @@ -112,12 +146,106 @@
src/Terraria/ReLogic/OS/Linux/WindowService.cs,	exact: 1,	offset: 0,	fuzzy: 0,	failed: 47
EXACT: @@ -18,5 +18,8 @@
src/Terraria/ReLogic/OS/OSX/WindowService.cs,	exact: 1,	offset: 0,	fuzzy: 0,	failed: 47
EXACT: @@ -18,5 +18,8 @@
src/Terraria/Terraria/UI/UIElement.cs,	exact: 4,	offset: 0,	fuzzy: 0,	failed: 47
EXACT: @@ -75,6 +75,22 @@
EXACT: @@ -141,6 +157,8 @@
EXACT: @@ -161,13 +179,15 @@
EXACT: @@ -366,6 +386,134 @@
src/Terraria/Terraria/Social/SocialAPI.cs,	exact: 6,	offset: 0,	fuzzy: 0,	failed: 47
EXACT: @@ -1,4 +1,5 @@
EXACT: @@ -20,16 +21,21 @@
EXACT: @@ -40,10 +46,9 @@
EXACT: @@ -67,10 +72,15 @@
EXACT: @@ -79,9 +89,15 @@
EXACT: @@ -91,6 +107,10 @@
src/Terraria/ReLogic/OS/Windows/NativeMethods.cs,	exact: 1,	offset: 0,	fuzzy: 0,	failed: 47
EXACT: @@ -113,5 +113,15 @@
src/Terraria/ReLogic/OS/Windows/WindowService.cs,	exact: 1,	offset: 0,	fuzzy: 0,	failed: 47
EXACT: @@ -46,5 +46,9 @@
src/Terraria/Terraria/GameContent/Bestiary/BestiaryDatabase.cs,	exact: 3,	offset: 0,	fuzzy: 0,	failed: 47
EXACT: @@ -1,9 +1,10 @@
EXACT: @@ -26,6 +27,13 @@
EXACT: @@ -49,7 +57,7 @@
src/Terraria/Terraria/GameContent/Achievements/AchievementsHelper.cs,	exact: 2,	offset: 0,	fuzzy: 0,	failed: 47
EXACT: @@ -1,3 +1,5 @@
EXACT: @@ -164,7 +166,7 @@
src/Terraria/Terraria/GameContent/Bestiary/BestiaryDatabaseNPCsPopulator.cs,	exact: 5,	offset: 0,	fuzzy: 0,	failed: 47
EXACT: @@ -2,6 +2,7 @@
EXACT: @@ -212,7 +213,11 @@
EXACT: @@ -287,9 +292,10 @@
EXACT: @@ -562,6 +568,7 @@
EXACT: @@ -601,13 +608,18 @@
src/Terraria/Terraria/GameContent/Ambience/AmbienceServer.cs,	exact: 2,	offset: 0,	fuzzy: 0,	failed: 47
EXACT: @@ -18,7 +18,7 @@
EXACT: @@ -81,7 +81,7 @@
src/Terraria/Terraria/GameContent/Bestiary/NPCKillsTracker.cs,	exact: 3,	offset: 0,	fuzzy: 0,	failed: 47
EXACT: @@ -1,3 +1,4 @@
EXACT: @@ -46,8 +47,9 @@
EXACT: @@ -77,7 +79,9 @@
src/Terraria/ReLogic/Content/Sources/FileSystemContentSource.cs,	exact: 3,	offset: 0,	fuzzy: 0,	failed: 47
EXACT: @@ -4,16 +4,10 @@
EXACT: @@ -23,33 +17,10 @@
EXACT: @@ -69,22 +40,11 @@
src/Terraria/ReLogic/Content/Readers/IAssetReader.cs,	exact: 1,	offset: 0,	fuzzy: 0,	failed: 47
EXACT: @@ -1,9 +1,13 @@
src/Terraria/ReLogic/Content/Readers/XnbReader.cs,	exact: 2,	offset: 0,	fuzzy: 0,	failed: 47
EXACT: @@ -1,12 +1,20 @@
EXACT: @@ -30,8 +38,14 @@
src/Terraria/ReLogic/Content/Readers/PngReader.cs,	exact: 4,	offset: 0,	fuzzy: 0,	failed: 47
EXACT: @@ -1,12 +1,10 @@
EXACT: @@ -20,12 +18,13 @@
EXACT: @@ -40,17 +39,16 @@
EXACT: @@ -68,16 +66,14 @@
src/Terraria/ReLogic/Content/Sources/XnaDirectContentSource.cs,	exact: 2,	offset: 0,	fuzzy: 0,	failed: 47
EXACT: @@ -1,56 +1,22 @@
EXACT: @@ -58,15 +24,5 @@
src/Terraria/ReLogic/Content/Sources/ZipContentSource.cs,	exact: 4,	offset: 0,	fuzzy: 0,	failed: 47
EXACT: @@ -7,21 +7,15 @@
EXACT: @@ -32,7 +26,7 @@
EXACT: @@ -41,55 +35,30 @@
EXACT: @@ -122,15 +91,5 @@
src/Terraria/ReLogic/Content/Sources/IContentSource.cs,	exact: 2,	offset: 0,	fuzzy: 0,	failed: 47
EXACT: @@ -1,5 +1,6 @@
EXACT: @@ -10,18 +11,28 @@
src/Terraria/Terraria/GameContent/Biomes/DeadMansChestBiome.cs,	exact: 2,	offset: 0,	fuzzy: 0,	failed: 47
EXACT: @@ -2,6 +2,7 @@
EXACT: @@ -200,7 +201,7 @@
src/Terraria/Terraria/GameContent/Bestiary/NPCWasNearPlayerTracker.cs,	exact: 3,	offset: 0,	fuzzy: 0,	failed: 47
EXACT: @@ -1,3 +1,4 @@
EXACT: @@ -49,8 +50,9 @@
EXACT: @@ -103,7 +105,9 @@
src/Terraria/Terraria/GameContent/Creative/ItemsSacrificedUnlocksTracker.cs,	exact: 3,	offset: 0,	fuzzy: 0,	failed: 47
EXACT: @@ -1,5 +1,6 @@
EXACT: @@ -7,7 +8,7 @@
EXACT: @@ -47,7 +48,11 @@
src/Terraria/Terraria/GameContent/ItemDropRules/CommonCode.cs,	exact: 3,	offset: 0,	fuzzy: 0,	failed: 47
EXACT: @@ -1,12 +1,13 @@
EXACT: @@ -20,7 +21,7 @@
EXACT: @@ -41,7 +42,7 @@
src/Terraria/Terraria/GameContent/Bestiary/UnlockableNPCEntryIcon.cs,	exact: 2,	offset: 0,	fuzzy: 0,	failed: 47
EXACT: @@ -3,6 +3,7 @@
EXACT: @@ -58,7 +59,7 @@
src/Terraria/Terraria/GameContent/Bestiary/NPCWasChatWithTracker.cs,	exact: 2,	offset: 0,	fuzzy: 0,	failed: 47
EXACT: @@ -1,3 +1,4 @@
EXACT: @@ -41,8 +42,9 @@
src/Terraria/Terraria/GameContent/Events/MysticLogFairiesEvent.cs,	exact: 3,	offset: 0,	fuzzy: 0,	failed: 47
EXACT: @@ -8,14 +8,16 @@
EXACT: @@ -27,13 +29,14 @@
EXACT: @@ -60,12 +63,14 @@
src/Terraria/Terraria/GameContent/Drawing/TileDrawing.cs,	exact: 12,	offset: 0,	fuzzy: 0,	failed: 47
EXACT: @@ -9,6 +9,7 @@
EXACT: @@ -356,6 +357,9 @@
EXACT: @@ -482,6 +486,9 @@
EXACT: @@ -547,6 +554,7 @@
EXACT: @@ -608,6 +616,7 @@
EXACT: @@ -812,7 +821,7 @@
EXACT: @@ -837,7 +846,7 @@
EXACT: @@ -2820,7 +2829,7 @@
EXACT: @@ -2850,7 +2859,7 @@
EXACT: @@ -4378,6 +4387,9 @@
EXACT: @@ -4445,11 +4457,14 @@
EXACT: @@ -5423,6 +5438,8 @@
src/Terraria/Terraria/GameContent/Drawing/WallDrawing.cs,	exact: 3,	offset: 0,	fuzzy: 0,	failed: 47
EXACT: @@ -3,6 +3,7 @@
EXACT: @@ -73,6 +74,10 @@
EXACT: @@ -129,6 +134,9 @@
src/Terraria/Terraria/GameContent/Creative/ItemFilters.cs,	exact: 2,	offset: 0,	fuzzy: 0,	failed: 47
EXACT: @@ -19,6 +19,7 @@
EXACT: @@ -27,7 +28,7 @@
src/Terraria/Terraria/GameContent/Events/CultistRitual.cs,	exact: 1,	offset: 0,	fuzzy: 0,	failed: 47
EXACT: @@ -9,18 +9,18 @@
src/Terraria/Terraria/GameContent/Events/Sandstorm.cs,	exact: 4,	offset: 0,	fuzzy: 0,	failed: 47
EXACT: @@ -10,15 +10,17 @@
EXACT: @@ -27,9 +29,9 @@
EXACT: @@ -41,10 +43,12 @@
EXACT: @@ -81,13 +85,19 @@
src/Terraria/Terraria/GameContent/ItemDropRules/CommonDrop.cs,	exact: 2,	offset: 0,	fuzzy: 0,	failed: 47
EXACT: @@ -1,3 +1,4 @@
EXACT: @@ -16,6 +17,10 @@
src/Terraria/Terraria/GameContent/LootSimulation/LootSimulationItemCounter.cs,	exact: 1,	offset: 0,	fuzzy: 0,	failed: 47
EXACT: @@ -1,13 +1,14 @@
src/Terraria/Terraria/GameContent/LootSimulation/LootSimulator.cs,	exact: 2,	offset: 0,	fuzzy: 0,	failed: 47
EXACT: @@ -3,6 +3,7 @@
EXACT: @@ -55,7 +56,7 @@
src/Terraria/Terraria/GameContent/ItemDropRules/ItemDropDatabase.cs,	exact: 4,	offset: 0,	fuzzy: 0,	failed: 47
EXACT: @@ -1,12 +1,13 @@
EXACT: @@ -55,7 +56,7 @@
EXACT: @@ -114,6 +115,11 @@
EXACT: @@ -607,6 +613,7 @@
src/Terraria/Terraria/GameContent/ItemDropRules/DropOneByOne.cs,	exact: 3,	offset: 0,	fuzzy: 0,	failed: 47
EXACT: @@ -1,3 +1,4 @@
EXACT: @@ -19,7 +20,11 @@
EXACT: @@ -27,6 +32,16 @@
src/Terraria/Terraria/GameContent/ObjectInteractions/BlockBecauseYouAreOverAnImportantTile.cs,	exact: 2,	offset: 0,	fuzzy: 0,	failed: 47
EXACT: @@ -1,3 +1,5 @@
EXACT: @@ -24,7 +26,8 @@
src/Terraria/Terraria/GameContent/Liquid/LiquidRenderer.cs,	exact: 3,	offset: 0,	fuzzy: 0,	failed: 47
EXACT: @@ -77,7 +77,7 @@
EXACT: @@ -86,7 +86,7 @@
EXACT: @@ -123,7 +123,7 @@
src/Terraria/Terraria/GameContent/Tile_Entities/TEItemFrame.cs,	exact: 5,	offset: 0,	fuzzy: 0,	failed: 47
EXACT: @@ -1,9 +1,12 @@
EXACT: @@ -76,8 +79,8 @@
EXACT: @@ -92,20 +95,16 @@
EXACT: @@ -113,10 +112,9 @@
EXACT: @@ -170,7 +168,7 @@
src/Terraria/Terraria/GameContent/Tile_Entities/TELogicSensor.cs,	exact: 1,	offset: 0,	fuzzy: 0,	failed: 47
EXACT: @@ -6,7 +6,7 @@
src/Terraria/Terraria/GameContent/Tile_Entities/TEHatRack.cs,	exact: 3,	offset: 0,	fuzzy: 0,	failed: 47
EXACT: @@ -4,11 +4,12 @@
EXACT: @@ -96,8 +97,8 @@
EXACT: @@ -105,8 +106,8 @@
src/Terraria/Terraria/GameContent/Tile_Entities/TEFoodPlatter.cs,	exact: 5,	offset: 0,	fuzzy: 0,	failed: 47
EXACT: @@ -1,10 +1,12 @@
EXACT: @@ -77,8 +79,8 @@
EXACT: @@ -93,20 +95,16 @@
EXACT: @@ -114,10 +112,9 @@
EXACT: @@ -162,7 +159,7 @@
src/Terraria/Terraria/GameContent/Tile_Entities/TEDisplayDoll.cs,	exact: 4,	offset: 0,	fuzzy: 0,	failed: 47
EXACT: @@ -4,11 +4,13 @@
EXACT: @@ -110,8 +112,8 @@
EXACT: @@ -119,8 +121,8 @@
EXACT: @@ -434,18 +436,27 @@
src/Terraria/Terraria/GameContent/UI/CustomCurrencyManager.cs,	exact: 1,	offset: 0,	fuzzy: 0,	failed: 47
EXACT: @@ -12,6 +12,7 @@
src/Terraria/Terraria/GameContent/Tile_Entities/TETeleportationPylon.cs,	exact: 1,	offset: 0,	fuzzy: 0,	failed: 47
EXACT: @@ -2,7 +2,7 @@
src/Terraria/Terraria/GameContent/Tile_Entities/TETrainingDummy.cs,	exact: 1,	offset: 0,	fuzzy: 0,	failed: 47
EXACT: @@ -5,7 +5,7 @@
src/Terraria/Terraria/GameContent/UI/EmoteBubble.cs,	exact: 4,	offset: 0,	fuzzy: 0,	failed: 47
EXACT: @@ -1,3 +1,4 @@
EXACT: @@ -9,7 +10,7 @@
EXACT: @@ -347,7 +348,7 @@
EXACT: @@ -357,7 +358,7 @@
src/Terraria/Terraria/GameContent/UI/ItemRarity.cs,	exact: 2,	offset: 0,	fuzzy: 0,	failed: 47
EXACT: @@ -1,6 +1,7 @@
EXACT: @@ -21,6 +22,11 @@
src/Terraria/Terraria/GameContent/Tile_Entities/TEWeaponsRack.cs,	exact: 5,	offset: 0,	fuzzy: 0,	failed: 47
EXACT: @@ -1,10 +1,12 @@
EXACT: @@ -78,8 +80,8 @@
EXACT: @@ -137,20 +139,16 @@
EXACT: @@ -158,10 +156,9 @@
EXACT: @@ -215,7 +212,7 @@
src/Terraria/Terraria/Graphics/Effects/SkyManager.cs,	exact: 4,	offset: 0,	fuzzy: 0,	failed: 47
EXACT: @@ -9,6 +9,7 @@
EXACT: @@ -16,14 +17,18 @@
EXACT: @@ -35,6 +40,7 @@
EXACT: @@ -87,6 +93,13 @@
src/Terraria/Terraria/Graphics/Effects/FilterManager.cs,	exact: 1,	offset: 0,	fuzzy: 0,	failed: 47
EXACT: @@ -183,5 +183,12 @@
src/Terraria/Terraria/Graphics/Effects/EffectManager.cs,	exact: 1,	offset: 0,	fuzzy: 0,	failed: 47
EXACT: @@ -6,7 +6,7 @@
src/Terraria/Terraria/Graphics/Effects/OverlayManager.cs,	exact: 2,	offset: 0,	fuzzy: 0,	failed: 47
EXACT: @@ -74,11 +74,11 @@
EXACT: @@ -93,7 +93,7 @@
src/Terraria/Terraria/Graphics/Capture/CaptureManager.cs,	exact: 1,	offset: 0,	fuzzy: 0,	failed: 47
EXACT: @@ -5,7 +5,8 @@
src/Terraria/Terraria/Graphics/Capture/CaptureBiome.cs,	exact: 3,	offset: 0,	fuzzy: 0,	failed: 47
EXACT: @@ -1,3 +1,4 @@
EXACT: @@ -132,6 +133,13 @@
EXACT: @@ -164,7 +172,13 @@
src/Terraria/Terraria/Graphics/Light/LightMap.cs,	exact: 1,	offset: 0,	fuzzy: 0,	failed: 47
EXACT: @@ -195,9 +195,12 @@
src/Terraria/Terraria/Graphics/Light/TileLightScanner.cs,	exact: 3,	offset: 0,	fuzzy: 0,	failed: 47
EXACT: @@ -4,6 +4,7 @@
EXACT: @@ -173,6 +174,7 @@
EXACT: @@ -1924,6 +1926,7 @@
src/Terraria/Terraria/Graphics/Light/LegacyLighting.cs,	exact: 7,	offset: 0,	fuzzy: 0,	failed: 47
EXACT: @@ -5,6 +5,7 @@
EXACT: @@ -106,7 +107,7 @@
EXACT: @@ -114,7 +115,7 @@
EXACT: @@ -575,6 +576,7 @@
EXACT: @@ -743,6 +745,8 @@
EXACT: @@ -769,6 +773,8 @@
EXACT: @@ -793,6 +799,7 @@
src/Terraria/Terraria/Graphics/Renderers/LegacyPlayerRenderer.cs,	exact: 6,	offset: 0,	fuzzy: 0,	failed: 47
EXACT: @@ -5,6 +5,7 @@
EXACT: @@ -30,6 +31,7 @@
EXACT: @@ -48,6 +50,9 @@
EXACT: @@ -110,6 +115,10 @@
EXACT: @@ -117,7 +126,15 @@
EXACT: @@ -198,6 +215,15 @@
src/Terraria/Terraria/Graphics/Shaders/ArmorShaderDataSet.cs,	exact: 1,	offset: 0,	fuzzy: 0,	failed: 47
EXACT: @@ -5,9 +5,9 @@
src/Terraria/Terraria/Graphics/Shaders/HairShaderDataSet.cs,	exact: 2,	offset: 0,	fuzzy: 0,	failed: 47
EXACT: @@ -7,27 +7,31 @@
EXACT: @@ -41,7 +45,7 @@
src/Terraria/Terraria/Social/Base/AWorkshopTagsCollection.cs,	exact: 1,	offset: 0,	fuzzy: 0,	failed: 47
EXACT: @@ -2,7 +2,7 @@
src/Terraria/Terraria/Net/Sockets/TcpSocket.cs,	exact: 2,	offset: 0,	fuzzy: 0,	failed: 47
EXACT: @@ -4,6 +4,7 @@
EXACT: @@ -134,7 +135,7 @@
src/Terraria/Terraria/Social/Base/WorkshopSocialModule.cs,	exact: 1,	offset: 0,	fuzzy: 0,	failed: 47
EXACT: @@ -3,7 +3,7 @@
src/Terraria/Terraria/Social/Steam/AchievementsSocialModule.cs,	exact: 1,	offset: 0,	fuzzy: 0,	failed: 47
EXACT: @@ -91,7 +91,7 @@
src/Terraria/Terraria/Social/Steam/CoreSocialModule.cs,	exact: 3,	offset: 0,	fuzzy: 0,	failed: 47
EXACT: @@ -1,6 +1,7 @@
EXACT: @@ -10,7 +11,7 @@
EXACT: @@ -24,13 +25,15 @@
src/Terraria/Terraria/UI/Gamepad/GamepadPointID.cs,	exact: 1,	offset: 0,	fuzzy: 0,	failed: 47
EXACT: @@ -163,7 +163,7 @@
src/Terraria/Terraria/Social/Base/WorkshopIssueReporter.cs,	exact: 4,	offset: 0,	fuzzy: 0,	failed: 47
EXACT: @@ -35,17 +35,30 @@
EXACT: @@ -56,6 +69,11 @@
EXACT: @@ -65,8 +83,13 @@
EXACT: @@ -77,6 +100,11 @@
src/Terraria/Terraria/UI/Gamepad/UILinkPointNavigator.cs,	exact: 1,	offset: 0,	fuzzy: 0,	failed: 47
EXACT: @@ -33,6 +33,7 @@
src/Terraria/ReLogic/Peripherals/RGB/SteelSeries/GameSenseConnection.cs,	exact: 1,	offset: 0,	fuzzy: 0,	failed: 47
EXACT: @@ -235,7 +235,7 @@
src/Terraria/Terraria/GameContent/Biomes/CaveHouse/HouseUtils.cs,	exact: 1,	offset: 0,	fuzzy: 0,	failed: 47
EXACT: @@ -8,8 +8,8 @@
src/Terraria/Terraria/Social/Steam/SupportedWorkshopTags.cs,	exact: 1,	offset: 0,	fuzzy: 0,	failed: 47
EXACT: @@ -29,6 +29,10 @@
src/Terraria/Terraria/Social/Steam/WorkshopSocialModule.cs,	exact: 1,	offset: 0,	fuzzy: 0,	failed: 47
EXACT: @@ -9,7 +9,7 @@
src/Terraria/Terraria/GameContent/UI/BigProgressBar/IBigProgressBar.cs,	exact: 1,	offset: 0,	fuzzy: 0,	failed: 47
EXACT: @@ -2,7 +2,7 @@
src/Terraria/Terraria/Social/Steam/WorkshopHelper.cs,	exact: 11,	offset: 0,	fuzzy: 0,	failed: 47
EXACT: @@ -1,15 +1,21 @@
EXACT: @@ -20,6 +26,8 @@
EXACT: @@ -34,26 +42,60 @@
EXACT: @@ -62,6 +104,7 @@
EXACT: @@ -75,6 +118,8 @@
EXACT: @@ -158,12 +203,16 @@
EXACT: @@ -171,16 +220,32 @@
EXACT: @@ -205,13 +270,56 @@
EXACT: @@ -223,27 +331,26 @@
EXACT: @@ -253,21 +360,63 @@
EXACT: @@ -305,6 +454,16 @@
src/Terraria/Terraria/GameContent/UI/Elements/UICharacterListItem.cs,	exact: 8,	offset: 2,	fuzzy: 0,	failed: 47
OFFSET: @@ -8,6 +8,10 @@ offset 1 lines
EXACT: @@ -26,6 +30,9 @@
EXACT: @@ -41,6 +48,9 @@
EXACT: @@ -101,6 +111,73 @@
EXACT: @@ -109,7 +186,7 @@
EXACT: @@ -132,8 +209,12 @@
EXACT: @@ -147,6 +228,14 @@
EXACT: @@ -178,8 +267,12 @@
EXACT: @@ -228,6 +321,13 @@
OFFSET: @@ -279,11 +379,11 @@ offset 8 lines
src/Terraria/Terraria/Social/Steam/NetServerSocialModule.cs,	exact: 2,	offset: 0,	fuzzy: 0,	failed: 47
EXACT: @@ -107,8 +107,10 @@
EXACT: @@ -177,6 +179,9 @@
src/Terraria/Terraria/Social/Steam/NetClientSocialModule.cs,	exact: 1,	offset: 0,	fuzzy: 0,	failed: 47
EXACT: @@ -27,12 +27,17 @@
src/Terraria/Terraria/GameContent/UI/Elements/UIList.cs,	exact: 2,	offset: 0,	fuzzy: 0,	failed: 47
EXACT: @@ -7,7 +7,7 @@
EXACT: @@ -29,9 +29,9 @@
src/Terraria/Terraria/GameContent/UI/BigProgressBar/BigProgressBarHelper.cs,	exact: 3,	offset: 0,	fuzzy: 0,	failed: 47
EXACT: @@ -1,5 +1,7 @@
EXACT: @@ -21,6 +23,12 @@
EXACT: @@ -52,6 +60,26 @@
src/Terraria/Terraria/GameContent/UI/Elements/UIPanel.cs,	exact: 2,	offset: 0,	fuzzy: 0,	failed: 47
EXACT: @@ -13,15 +13,22 @@
EXACT: @@ -54,6 +61,11 @@
src/Terraria/Terraria/GameContent/UI/Chat/ItemTagHandler.cs,	exact: 5,	offset: 0,	fuzzy: 0,	failed: 47
EXACT: @@ -1,6 +1,9 @@
EXACT: @@ -22,6 +25,7 @@
EXACT: @@ -55,20 +59,26 @@
EXACT: @@ -78,7 +88,7 @@
EXACT: @@ -97,13 +107,25 @@
src/Terraria/Terraria/GameContent/UI/BigProgressBar/BigProgressBarSystem.cs,	exact: 3,	offset: 0,	fuzzy: 0,	failed: 47
EXACT: @@ -1,10 +1,11 @@
EXACT: @@ -48,16 +49,30 @@
EXACT: @@ -86,7 +101,12 @@
src/Terraria/Terraria/GameContent/UI/Elements/UICharacter.cs,	exact: 2,	offset: 0,	fuzzy: 0,	failed: 47
EXACT: @@ -30,6 +30,8 @@
EXACT: @@ -53,6 +55,8 @@
src/Terraria/Terraria/GameContent/UI/Elements/UIBestiaryEntryGrid.cs,	exact: 1,	offset: 0,	fuzzy: 0,	failed: 47
EXACT: @@ -100,7 +100,7 @@
src/Terraria/Terraria/GameContent/UI/Elements/UIKeybindingListItem.cs,	exact: 1,	offset: 0,	fuzzy: 0,	failed: 47
EXACT: @@ -104,6 +104,12 @@
src/Terraria/Terraria/GameContent/UI/Elements/UITextBox.cs,	exact: 1,	offset: 0,	fuzzy: 0,	failed: 47
EXACT: @@ -5,7 +5,7 @@
src/Terraria/Terraria/GameContent/UI/Elements/UIScrollbar.cs,	exact: 2,	offset: 0,	fuzzy: 0,	failed: 47
EXACT: @@ -6,7 +6,7 @@
EXACT: @@ -60,7 +60,7 @@
src/Terraria/Terraria/GameContent/UI/Elements/UITextPanel.cs,	exact: 2,	offset: 0,	fuzzy: 0,	failed: 47
EXACT: @@ -1,6 +1,8 @@
EXACT: @@ -68,7 +70,9 @@
src/Terraria/Terraria/GameContent/UI/Elements/UIWorldListItem.cs,	exact: 10,	offset: 0,	fuzzy: 0,	failed: 47
EXACT: @@ -2,11 +2,14 @@
EXACT: @@ -30,6 +33,8 @@
EXACT: @@ -37,6 +42,7 @@
EXACT: @@ -87,6 +93,17 @@
EXACT: @@ -137,6 +154,7 @@
EXACT: @@ -199,8 +217,16 @@
EXACT: @@ -229,8 +255,12 @@
EXACT: @@ -259,7 +289,7 @@
EXACT: @@ -270,9 +300,29 @@
EXACT: @@ -340,6 +390,9 @@
src/Terraria/Terraria/GameContent/UI/States/AWorkshopPublishInfoState.cs,	exact: 8,	offset: 0,	fuzzy: 0,	failed: 47
EXACT: @@ -10,6 +10,7 @@
EXACT: @@ -38,15 +39,29 @@
EXACT: @@ -77,13 +92,12 @@
EXACT: @@ -96,6 +110,11 @@
EXACT: @@ -163,10 +182,7 @@
EXACT: @@ -232,7 +248,7 @@
EXACT: @@ -529,14 +545,14 @@
EXACT: @@ -634,6 +650,7 @@
src/Terraria/Terraria/GameContent/UI/States/UICharacterCreation.cs,	exact: 2,	offset: 0,	fuzzy: 0,	failed: 47
EXACT: @@ -13,6 +13,7 @@
EXACT: @@ -1055,6 +1056,8 @@
src/Terraria/Terraria/GameContent/UI/States/UICharacterSelect.cs,	exact: 3,	offset: 0,	fuzzy: 0,	failed: 47
EXACT: @@ -11,12 +11,15 @@
EXACT: @@ -24,6 +27,7 @@
EXACT: @@ -141,6 +145,67 @@
src/Terraria/Terraria/GameContent/UI/States/UIBestiaryTest.cs,	exact: 3,	offset: 0,	fuzzy: 0,	failed: 47
EXACT: @@ -34,7 +34,7 @@
EXACT: @@ -140,16 +140,12 @@
EXACT: @@ -482,7 +478,7 @@
src/Terraria/Terraria/GameContent/UI/States/UIResourcePackSelectionMenu.cs,	exact: 1,	offset: 0,	fuzzy: 0,	failed: 47
EXACT: @@ -35,6 +35,12 @@
src/Terraria/Terraria/GameContent/UI/States/UIWorkshopSelectWorldToPublish.cs,	exact: 1,	offset: 0,	fuzzy: 0,	failed: 47
EXACT: @@ -23,6 +23,12 @@
src/Terraria/Terraria/GameContent/UI/States/UIWorkshopWorldImport.cs,	exact: 1,	offset: 0,	fuzzy: 0,	failed: 47
EXACT: @@ -27,6 +27,12 @@
src/Terraria/Terraria/GameContent/UI/States/UIWorldLoad.cs,	exact: 1,	offset: 0,	fuzzy: 0,	failed: 47
EXACT: @@ -59,6 +59,9 @@
src/Terraria/Terraria/GameContent/UI/States/UIWorkshopHub.cs,	exact: 10,	offset: 0,	fuzzy: 0,	failed: 47
EXACT: @@ -10,7 +10,7 @@
EXACT: @@ -24,6 +24,12 @@
EXACT: @@ -37,14 +43,14 @@
EXACT: @@ -84,12 +90,13 @@
EXACT: @@ -98,6 +105,30 @@
EXACT: @@ -166,6 +197,19 @@
EXACT: @@ -221,7 +265,7 @@
EXACT: @@ -292,13 +336,13 @@
EXACT: @@ -308,6 +352,8 @@
EXACT: @@ -325,6 +371,7 @@
src/Terraria/Terraria/GameContent/UI/States/UIManageControls.cs,	exact: 10,	offset: 0,	fuzzy: 0,	failed: 47
EXACT: @@ -11,6 +11,7 @@
EXACT: @@ -18,6 +19,10 @@
EXACT: @@ -39,15 +44,20 @@
EXACT: @@ -209,6 +219,9 @@
EXACT: @@ -232,6 +245,9 @@
EXACT: @@ -300,26 +316,41 @@
EXACT: @@ -357,6 +388,9 @@
EXACT: @@ -378,6 +412,9 @@
EXACT: @@ -530,6 +567,25 @@
EXACT: @@ -602,11 +658,39 @@
src/Terraria/Terraria/GameContent/UI/States/UIWorkshopSelectResourcePackToPublish.cs,	exact: 1,	offset: 0,	fuzzy: 0,	failed: 47
EXACT: @@ -25,6 +25,12 @@
src/Terraria/Terraria/Localization/Content/de-DE/Main.json,	exact: 21,	offset: 0,	fuzzy: 0,	failed: 47
EXACT: @@ -75,7 +75,7 @@
EXACT: @@ -137,7 +137,7 @@
EXACT: @@ -155,7 +155,7 @@
EXACT: @@ -163,7 +163,7 @@
EXACT: @@ -177,12 +177,12 @@
EXACT: @@ -223,7 +223,7 @@
EXACT: @@ -248,7 +248,7 @@
EXACT: @@ -305,7 +305,7 @@
EXACT: @@ -423,7 +423,7 @@
EXACT: @@ -481,7 +481,7 @@
EXACT: @@ -519,7 +519,7 @@
EXACT: @@ -533,13 +533,13 @@
EXACT: @@ -554,8 +554,8 @@
EXACT: @@ -643,8 +643,8 @@
EXACT: @@ -666,7 +666,7 @@
EXACT: @@ -679,7 +679,7 @@
EXACT: @@ -688,7 +688,7 @@
EXACT: @@ -810,7 +810,7 @@
EXACT: @@ -837,7 +837,7 @@
EXACT: @@ -855,7 +855,7 @@
EXACT: @@ -864,7 +864,7 @@
src/Terraria/Terraria/Localization/Content/en-US/Main.json,	exact: 1,	offset: 0,	fuzzy: 0,	failed: 47
EXACT: @@ -1,7 +1,7 @@
src/Terraria/Terraria/GameContent/UI/States/UIWorldSelect.cs,	exact: 3,	offset: 0,	fuzzy: 0,	failed: 47
EXACT: @@ -2,8 +2,10 @@
EXACT: @@ -25,6 +27,7 @@
EXACT: @@ -132,6 +135,49 @@
src/Terraria/Terraria/Localization/Content/fr-FR/Main.json,	exact: 1,	offset: 0,	fuzzy: 0,	failed: 47
EXACT: @@ -499,7 +499,7 @@
